0 verbose cli C:\Program Files\nodejs\node.exe C:\Users\Agus\AppData\Roaming\npm\node_modules\npm\bin\npm-cli.js
1 info using npm@10.1.0
2 info using node@v20.9.0
3 timing npm:load:whichnode Completed in 1ms
4 timing config:load:defaults Completed in 2ms
5 timing config:load:file:C:\Users\Agus\AppData\Roaming\npm\node_modules\npm\npmrc Completed in 2ms
6 timing config:load:builtin Completed in 2ms
7 timing config:load:cli Completed in 1ms
8 timing config:load:env Completed in 1ms
9 timing config:load:project Completed in 1ms
10 timing config:load:file:C:\Users\Agus\.npmrc Completed in 0ms
11 timing config:load:user Completed in 0ms
12 timing config:load:file:C:\Users\Agus\AppData\Roaming\npm\etc\npmrc Completed in 0ms
13 timing config:load:global Completed in 0ms
14 timing config:load:setEnvs Completed in 1ms
15 timing config:load Completed in 8ms
16 timing npm:load:configload Completed in 8ms
17 timing config:load:flatten Completed in 2ms
18 timing npm:load:mkdirpcache Completed in 0ms
19 timing npm:load:mkdirplogs Completed in 0ms
20 verbose title npm exec create-next-app@latest
21 verbose argv "exec" "--" "create-next-app@latest"
22 timing npm:load:setTitle Completed in 1ms
23 timing npm:load:display Completed in 0ms
24 verbose logfile logs-max:10 dir:C:\Users\Agus\Desktop\PinterestClon\npm-cache\_logs\2024-07-16T23_19_46_427Z-
25 verbose logfile C:\Users\Agus\Desktop\PinterestClon\npm-cache\_logs\2024-07-16T23_19_46_427Z-debug-0.log
26 timing npm:load:logFile Completed in 6ms
27 timing npm:load:timers Completed in 0ms
28 timing npm:load:configScope Completed in 1ms
29 timing npm:load Completed in 39ms
30 silly logfile done cleaning log files
31 timing arborist:ctor Completed in 0ms
32 verbose shrinkwrap failed to load node_modules/.package-lock.json out of date, updated: node_modules
33 http fetch GET 200 https://registry.npmjs.org/npm 265ms (cache miss)
34 http fetch GET 200 https://registry.npmjs.org/create-next-app 176ms (cache miss)
35 timing arborist:ctor Completed in 0ms
36 timing arborist:ctor Completed in 0ms
37 timing arborist:ctor Completed in 0ms
38 timing idealTree:init Completed in 3ms
39 timing idealTree:userRequests Completed in 1ms
40 silly idealTree buildDeps
41 silly fetch manifest create-next-app@14.2.5
42 http fetch GET 200 https://registry.npmjs.org/create-next-app 9ms (cache hit)
43 silly placeDep ROOT create-next-app@14.2.5 OK for:  want: 14.2.5
44 timing idealTree:#root Completed in 24ms
45 timing idealTree:node_modules/create-next-app Completed in 0ms
46 timing idealTree:buildDeps Completed in 25ms
47 timing idealTree:fixDepFlags Completed in 0ms
48 timing idealTree Completed in 29ms
49 timing reify:loadTrees Completed in 30ms
50 timing reify:diffTrees Completed in 1ms
51 silly reify moves {}
52 timing reify:retireShallow Completed in 1ms
53 timing reify:createSparse Completed in 2ms
54 timing reify:loadBundles Completed in 0ms
55 silly audit bulk request { 'create-next-app': [ '14.2.5' ] }
56 silly tarball no local data for create-next-app@https://registry.npmjs.org/create-next-app/-/create-next-app-14.2.5.tgz. Extracting by manifest.
57 http fetch GET 200 https://registry.npmjs.org/create-next-app/-/create-next-app-14.2.5.tgz 262ms (cache miss)
58 timing reifyNode:node_modules/create-next-app Completed in 266ms
59 timing reify:unpack Completed in 266ms
60 timing reify:unretire Completed in 0ms
61 timing build:queue Completed in 0ms
62 timing build:link:node_modules/create-next-app Completed in 5ms
63 timing build:link Completed in 5ms
64 timing build:deps Completed in 6ms
65 timing build Completed in 6ms
66 timing reify:build Completed in 6ms
67 timing reify:trash Completed in 0ms
68 timing reify:save Completed in 3ms
69 http fetch POST 200 https://registry.npmjs.org/-/npm/v1/security/advisories/bulk 301ms
70 timing auditReport:getReport Completed in 302ms
71 silly audit report {}
72 timing auditReport:init Completed in 0ms
73 timing reify:audit Completed in 302ms
74 timing reify Completed in 337ms
75 timing command:exec Completed in 49308ms
76 notice
76 notice New [33mminor[39m version of npm available! [31m10.1.0[39m -> [32m10.8.2[39m
76 notice Changelog: [36mhttps://github.com/npm/cli/releases/tag/v10.8.2[39m
76 notice Run [32mnpm install -g npm@10.8.2[39m to update!
76 notice
77 verbose exit 0
78 timing npm Completed in 49572ms
79 info ok
