0 verbose cli C:\Program Files\nodejs\node.exe C:\Users\Agus\AppData\Roaming\npm\node_modules\npm\bin\npm-cli.js
1 info using npm@10.1.0
2 info using node@v20.9.0
3 timing npm:load:whichnode Completed in 2ms
4 timing config:load:defaults Completed in 1ms
5 timing config:load:file:C:\Users\Agus\AppData\Roaming\npm\node_modules\npm\npmrc Completed in 2ms
6 timing config:load:builtin Completed in 2ms
7 timing config:load:cli Completed in 2ms
8 timing config:load:env Completed in 0ms
9 timing config:load:file:C:\Users\Agus\Desktop\PinterestClon\.npmrc Completed in 0ms
10 timing config:load:project Completed in 2ms
11 timing config:load:file:C:\Users\Agus\.npmrc Completed in 0ms
12 timing config:load:user Completed in 0ms
13 timing config:load:file:C:\Users\Agus\AppData\Roaming\npm\etc\npmrc Completed in 1ms
14 timing config:load:global Completed in 1ms
15 timing config:load:setEnvs Completed in 0ms
16 timing config:load Completed in 8ms
17 timing npm:load:configload Completed in 8ms
18 timing config:load:flatten Completed in 1ms
19 timing npm:load:mkdirpcache Completed in 1ms
20 timing npm:load:mkdirplogs Completed in 0ms
21 verbose title npm install
22 verbose argv "install"
23 timing npm:load:setTitle Completed in 0ms
24 timing npm:load:display Completed in 1ms
25 verbose logfile logs-max:10 dir:C:\Users\Agus\Desktop\PinterestClon\npm-cache\_logs\2024-12-29T15_05_58_519Z-
26 verbose logfile C:\Users\Agus\Desktop\PinterestClon\npm-cache\_logs\2024-12-29T15_05_58_519Z-debug-0.log
27 timing npm:load:logFile Completed in 6ms
28 timing npm:load:timers Completed in 0ms
29 timing npm:load:configScope Completed in 0ms
30 timing npm:load Completed in 40ms
31 timing arborist:ctor Completed in 1ms
32 silly logfile done cleaning log files
33 timing idealTree:init Completed in 58ms
34 timing idealTree:userRequests Completed in 0ms
35 silly idealTree buildDeps
36 timing idealTree:#root Completed in 1ms
37 timing idealTree:buildDeps Completed in 1ms
38 timing idealTree:fixDepFlags Completed in 0ms
39 timing idealTree Completed in 62ms
40 timing reify:loadTrees Completed in 81ms
41 timing reify:diffTrees Completed in 2ms
42 silly reify mark retired [
42 silly reify   'C:\\Users\\Agus\\Desktop\\PinterestClon\\node_modules\\cookie-parser'
42 silly reify ]
43 silly reify mark retired [ 'C:\\Users\\Agus\\Desktop\\PinterestClon\\node_modules\\axios' ]
44 silly reify mark retired [ 'C:\\Users\\Agus\\Desktop\\PinterestClon\\node_modules\\express' ]
45 silly reify mark retired [ 'C:\\Users\\Agus\\Desktop\\PinterestClon\\node_modules\\cors' ]
46 silly reify mark retired [ 'C:\\Users\\Agus\\Desktop\\PinterestClon\\node_modules\\dotenv' ]
47 silly reify mark retired [ 'C:\\Users\\Agus\\Desktop\\PinterestClon\\node_modules\\js-cookie' ]
48 silly reify mark retired [ 'C:\\Users\\Agus\\Desktop\\PinterestClon\\node_modules\\multer' ]
49 silly reify mark retired [
49 silly reify   'C:\\Users\\Agus\\Desktop\\PinterestClon\\node_modules\\express-fileupload'
49 silly reify ]
50 silly reify mark retired [
50 silly reify   'C:\\Users\\Agus\\Desktop\\PinterestClon\\node_modules\\next',
50 silly reify   'C:\\Users\\Agus\\Desktop\\PinterestClon\\node_modules\\.bin\\next',
50 silly reify   'C:\\Users\\Agus\\Desktop\\PinterestClon\\node_modules\\.bin\\next.cmd',
50 silly reify   'C:\\Users\\Agus\\Desktop\\PinterestClon\\node_modules\\.bin\\next.ps1'
50 silly reify ]
51 silly reify mark retired [ 'C:\\Users\\Agus\\Desktop\\PinterestClon\\node_modules\\react-dom' ]
52 silly reify mark retired [
52 silly reify   'C:\\Users\\Agus\\Desktop\\PinterestClon\\node_modules\\react-hook-form'
52 silly reify ]
53 silly reify mark retired [
53 silly reify   'C:\\Users\\Agus\\Desktop\\PinterestClon\\node_modules\\jsonwebtoken'
53 silly reify ]
54 silly reify mark retired [ 'C:\\Users\\Agus\\Desktop\\PinterestClon\\node_modules\\react' ]
55 silly reify mark retired [ 'C:\\Users\\Agus\\Desktop\\PinterestClon\\node_modules\\zustand' ]
56 silly reify mark retired [ 'C:\\Users\\Agus\\Desktop\\PinterestClon\\node_modules\\zod' ]
57 silly reify mark retired [
57 silly reify   'C:\\Users\\Agus\\Desktop\\PinterestClon\\node_modules\\react-modal'
57 silly reify ]
58 silly reify mark retired [
58 silly reify   'C:\\Users\\Agus\\Desktop\\PinterestClon\\node_modules\\react-window'
58 silly reify ]
59 silly reify mark retired [
59 silly reify   'C:\\Users\\Agus\\Desktop\\PinterestClon\\node_modules\\@types\\js-cookie'
59 silly reify ]
60 silly reify mark retired [
60 silly reify   'C:\\Users\\Agus\\Desktop\\PinterestClon\\node_modules\\@types\\react-window'
60 silly reify ]
61 silly reify mark retired [
61 silly reify   'C:\\Users\\Agus\\Desktop\\PinterestClon\\node_modules\\@hookform\\resolvers'
61 silly reify ]
62 silly reify mark retired [
62 silly reify   'C:\\Users\\Agus\\Desktop\\PinterestClon\\node_modules\\@types\\react-dom'
62 silly reify ]
63 silly reify mark retired [
63 silly reify   'C:\\Users\\Agus\\Desktop\\PinterestClon\\node_modules\\@types\\react'
63 silly reify ]
64 silly reify mark retired [
64 silly reify   'C:\\Users\\Agus\\Desktop\\PinterestClon\\node_modules\\@types\\react-modal'
64 silly reify ]
65 silly reify mark retired [
65 silly reify   'C:\\Users\\Agus\\Desktop\\PinterestClon\\node_modules\\@headlessui\\react'
65 silly reify ]
66 silly reify moves {
66 silly reify   'C:\\Users\\Agus\\Desktop\\PinterestClon\\node_modules\\cookie-parser': 'C:\\Users\\Agus\\Desktop\\PinterestClon\\node_modules\\.cookie-parser-MXt6YaIh',
66 silly reify   'C:\\Users\\Agus\\Desktop\\PinterestClon\\node_modules\\axios': 'C:\\Users\\Agus\\Desktop\\PinterestClon\\node_modules\\.axios-T4kIZ7L1',
66 silly reify   'C:\\Users\\Agus\\Desktop\\PinterestClon\\node_modules\\express': 'C:\\Users\\Agus\\Desktop\\PinterestClon\\node_modules\\.express-sDaTYPmt',
66 silly reify   'C:\\Users\\Agus\\Desktop\\PinterestClon\\node_modules\\cors': 'C:\\Users\\Agus\\Desktop\\PinterestClon\\node_modules\\.cors-mWrfmXWS',
66 silly reify   'C:\\Users\\Agus\\Desktop\\PinterestClon\\node_modules\\dotenv': 'C:\\Users\\Agus\\Desktop\\PinterestClon\\node_modules\\.dotenv-90hlyTao',
66 silly reify   'C:\\Users\\Agus\\Desktop\\PinterestClon\\node_modules\\js-cookie': 'C:\\Users\\Agus\\Desktop\\PinterestClon\\node_modules\\.js-cookie-FphZAgee',
66 silly reify   'C:\\Users\\Agus\\Desktop\\PinterestClon\\node_modules\\multer': 'C:\\Users\\Agus\\Desktop\\PinterestClon\\node_modules\\.multer-reSGRlti',
66 silly reify   'C:\\Users\\Agus\\Desktop\\PinterestClon\\node_modules\\express-fileupload': 'C:\\Users\\Agus\\Desktop\\PinterestClon\\node_modules\\.express-fileupload-OLd1aWvy',
66 silly reify   'C:\\Users\\Agus\\Desktop\\PinterestClon\\node_modules\\next': 'C:\\Users\\Agus\\Desktop\\PinterestClon\\node_modules\\.next-BTbymWQ4',
66 silly reify   'C:\\Users\\Agus\\Desktop\\PinterestClon\\node_modules\\.bin\\next': 'C:\\Users\\Agus\\Desktop\\PinterestClon\\node_modules\\.bin\\.next-2qY1kuxA',
66 silly reify   'C:\\Users\\Agus\\Desktop\\PinterestClon\\node_modules\\.bin\\next.cmd': 'C:\\Users\\Agus\\Desktop\\PinterestClon\\node_modules\\.bin\\.next.cmd-j4il2pxt',
66 silly reify   'C:\\Users\\Agus\\Desktop\\PinterestClon\\node_modules\\.bin\\next.ps1': 'C:\\Users\\Agus\\Desktop\\PinterestClon\\node_modules\\.bin\\.next.ps1-oOVLZ8AN',
66 silly reify   'C:\\Users\\Agus\\Desktop\\PinterestClon\\node_modules\\react-dom': 'C:\\Users\\Agus\\Desktop\\PinterestClon\\node_modules\\.react-dom-OGITtX43',
66 silly reify   'C:\\Users\\Agus\\Desktop\\PinterestClon\\node_modules\\react-hook-form': 'C:\\Users\\Agus\\Desktop\\PinterestClon\\node_modules\\.react-hook-form-z2i3kN3t',
66 silly reify   'C:\\Users\\Agus\\Desktop\\PinterestClon\\node_modules\\jsonwebtoken': 'C:\\Users\\Agus\\Desktop\\PinterestClon\\node_modules\\.jsonwebtoken-PaV77DQA',
66 silly reify   'C:\\Users\\Agus\\Desktop\\PinterestClon\\node_modules\\react': 'C:\\Users\\Agus\\Desktop\\PinterestClon\\node_modules\\.react-F6i62065',
66 silly reify   'C:\\Users\\Agus\\Desktop\\PinterestClon\\node_modules\\zustand': 'C:\\Users\\Agus\\Desktop\\PinterestClon\\node_modules\\.zustand-pUblAOjP',
66 silly reify   'C:\\Users\\Agus\\Desktop\\PinterestClon\\node_modules\\zod': 'C:\\Users\\Agus\\Desktop\\PinterestClon\\node_modules\\.zod-MzIOy8kS',
66 silly reify   'C:\\Users\\Agus\\Desktop\\PinterestClon\\node_modules\\react-modal': 'C:\\Users\\Agus\\Desktop\\PinterestClon\\node_modules\\.react-modal-zxymnfw8',
66 silly reify   'C:\\Users\\Agus\\Desktop\\PinterestClon\\node_modules\\react-window': 'C:\\Users\\Agus\\Desktop\\PinterestClon\\node_modules\\.react-window-RBYTE4xM',
66 silly reify   'C:\\Users\\Agus\\Desktop\\PinterestClon\\node_modules\\@types\\js-cookie': 'C:\\Users\\Agus\\Desktop\\PinterestClon\\node_modules\\@types\\.js-cookie-8v6ATErH',
66 silly reify   'C:\\Users\\Agus\\Desktop\\PinterestClon\\node_modules\\@types\\react-window': 'C:\\Users\\Agus\\Desktop\\PinterestClon\\node_modules\\@types\\.react-window-APvW7Wp4',
66 silly reify   'C:\\Users\\Agus\\Desktop\\PinterestClon\\node_modules\\@hookform\\resolvers': 'C:\\Users\\Agus\\Desktop\\PinterestClon\\node_modules\\@hookform\\.resolvers-s5Ez9NVH',
66 silly reify   'C:\\Users\\Agus\\Desktop\\PinterestClon\\node_modules\\@types\\react-dom': 'C:\\Users\\Agus\\Desktop\\PinterestClon\\node_modules\\@types\\.react-dom-V6ZGpIo5',
66 silly reify   'C:\\Users\\Agus\\Desktop\\PinterestClon\\node_modules\\@types\\react': 'C:\\Users\\Agus\\Desktop\\PinterestClon\\node_modules\\@types\\.react-FKPNbIBT',
66 silly reify   'C:\\Users\\Agus\\Desktop\\PinterestClon\\node_modules\\@types\\react-modal': 'C:\\Users\\Agus\\Desktop\\PinterestClon\\node_modules\\@types\\.react-modal-7SBARsxG',
66 silly reify   'C:\\Users\\Agus\\Desktop\\PinterestClon\\node_modules\\@headlessui\\react': 'C:\\Users\\Agus\\Desktop\\PinterestClon\\node_modules\\@headlessui\\.react-qskrYyIz'
66 silly reify }
67 timing reify:retireShallow Completed in 17ms
68 timing reify:createSparse Completed in 27ms
69 timing reify:loadBundles Completed in 0ms
70 silly audit bulk request {
70 silly audit   '@babel/runtime': [ '7.25.7' ],
70 silly audit   '@floating-ui/core': [ '1.6.5' ],
70 silly audit   '@floating-ui/dom': [ '1.6.8' ],
70 silly audit   '@floating-ui/react': [ '0.26.20' ],
70 silly audit   '@floating-ui/react-dom': [ '2.1.1' ],
70 silly audit   '@floating-ui/utils': [ '0.2.5' ],
70 silly audit   '@headlessui/react': [ '2.1.2' ],
70 silly audit   '@hookform/resolvers': [ '3.9.0' ],
70 silly audit   '@next/env': [ '14.2.5' ],
70 silly audit   '@next/swc-darwin-arm64': [ '14.2.5' ],
70 silly audit   '@next/swc-darwin-x64': [ '14.2.5' ],
70 silly audit   '@next/swc-linux-arm64-gnu': [ '14.2.5' ],
70 silly audit   '@next/swc-linux-arm64-musl': [ '14.2.5' ],
70 silly audit   '@next/swc-linux-x64-gnu': [ '14.2.5' ],
70 silly audit   '@next/swc-linux-x64-musl': [ '14.2.5' ],
70 silly audit   '@next/swc-win32-arm64-msvc': [ '14.2.5' ],
70 silly audit   '@next/swc-win32-ia32-msvc': [ '14.2.5' ],
70 silly audit   '@next/swc-win32-x64-msvc': [ '14.2.5' ],
70 silly audit   '@react-aria/focus': [ '3.18.1' ],
70 silly audit   '@react-aria/interactions': [ '3.22.1' ],
70 silly audit   '@react-aria/ssr': [ '3.9.5' ],
70 silly audit   '@react-aria/utils': [ '3.25.1' ],
70 silly audit   '@react-stately/utils': [ '3.10.2' ],
70 silly audit   '@react-types/shared': [ '3.24.1' ],
70 silly audit   '@swc/counter': [ '0.1.3' ],
70 silly audit   '@swc/helpers': [ '0.5.5' ],
70 silly audit   '@tanstack/react-virtual': [ '3.8.3' ],
70 silly audit   '@tanstack/virtual-core': [ '3.8.3' ],
70 silly audit   '@types/js-cookie': [ '3.0.6' ],
70 silly audit   '@types/prop-types': [ '15.7.12' ],
70 silly audit   '@types/react': [ '18.3.3' ],
70 silly audit   '@types/react-dom': [ '18.3.0' ],
70 silly audit   '@types/react-modal': [ '3.16.3' ],
70 silly audit   '@types/react-window': [ '1.8.8' ],
70 silly audit   accepts: [ '1.3.8' ],
70 silly audit   'append-field': [ '1.0.0' ],
70 silly audit   'array-flatten': [ '1.1.1' ],
70 silly audit   asynckit: [ '0.4.0' ],
70 silly audit   axios: [ '1.7.2' ],
70 silly audit   'body-parser': [ '1.20.2' ],
70 silly audit   'buffer-equal-constant-time': [ '1.0.1' ],
70 silly audit   'buffer-from': [ '1.1.2' ],
70 silly audit   busboy: [ '1.6.0' ],
70 silly audit   bytes: [ '3.1.2' ],
70 silly audit   'call-bind': [ '1.0.7' ],
70 silly audit   'caniuse-lite': [ '1.0.30001642' ],
70 silly audit   'client-only': [ '0.0.1' ],
70 silly audit   clsx: [ '2.1.1' ],
70 silly audit   'combined-stream': [ '1.0.8' ],
70 silly audit   'concat-stream': [ '1.6.2' ],
70 silly audit   'content-disposition': [ '0.5.4' ],
70 silly audit   'content-type': [ '1.0.5' ],
70 silly audit   cookie: [ '0.6.0', '0.4.1' ],
70 silly audit   'cookie-parser': [ '1.4.6' ],
70 silly audit   'cookie-signature': [ '1.0.6' ],
70 silly audit   'core-util-is': [ '1.0.3' ],
70 silly audit   cors: [ '2.8.5' ],
70 silly audit   csstype: [ '3.1.3' ],
70 silly audit   debug: [ '2.6.9' ],
70 silly audit   'define-data-property': [ '1.1.4' ],
70 silly audit   'delayed-stream': [ '1.0.0' ],
70 silly audit   depd: [ '2.0.0' ],
70 silly audit   destroy: [ '1.2.0' ],
70 silly audit   dotenv: [ '16.4.5' ],
70 silly audit   'ecdsa-sig-formatter': [ '1.0.11' ],
70 silly audit   'ee-first': [ '1.1.1' ],
70 silly audit   'emoji-picker-react': [ '4.12.0' ],
70 silly audit   encodeurl: [ '1.0.2' ],
70 silly audit   'es-define-property': [ '1.0.0' ],
70 silly audit   'es-errors': [ '1.3.0' ],
70 silly audit   'escape-html': [ '1.0.3' ],
70 silly audit   etag: [ '1.8.1' ],
70 silly audit   exenv: [ '1.2.2' ],
70 silly audit   express: [ '4.19.2' ],
70 silly audit   'express-fileupload': [ '1.5.1' ],
70 silly audit   finalhandler: [ '1.2.0' ],
70 silly audit   flairup: [ '1.0.0' ],
70 silly audit   'follow-redirects': [ '1.15.6' ],
70 silly audit   'form-data': [ '4.0.0' ],
70 silly audit   forwarded: [ '0.2.0' ],
70 silly audit   fresh: [ '0.5.2' ],
70 silly audit   'function-bind': [ '1.1.2' ],
70 silly audit   'get-intrinsic': [ '1.2.4' ],
70 silly audit   gopd: [ '1.0.1' ],
70 silly audit   'graceful-fs': [ '4.2.11' ],
70 silly audit   'has-property-descriptors': [ '1.0.2' ],
70 silly audit   'has-proto': [ '1.0.3' ],
70 silly audit   'has-symbols': [ '1.0.3' ],
70 silly audit   hasown: [ '2.0.2' ],
70 silly audit   'http-errors': [ '2.0.0' ],
70 silly audit   'iconv-lite': [ '0.4.24' ],
70 silly audit   inherits: [ '2.0.4' ],
70 silly audit   'ipaddr.js': [ '1.9.1' ],
70 silly audit   isarray: [ '1.0.0' ],
70 silly audit   'js-cookie': [ '3.0.5' ],
70 silly audit   'js-tokens': [ '4.0.0' ],
70 silly audit   jsonwebtoken: [ '9.0.2' ],
70 silly audit   ms: [ '2.1.3', '2.0.0' ],
70 silly audit   jwa: [ '1.4.1' ],
70 silly audit   jws: [ '3.2.2' ],
70 silly audit   'lodash.includes': [ '4.3.0' ],
70 silly audit   'lodash.isboolean': [ '3.0.3' ],
70 silly audit   'lodash.isinteger': [ '4.0.4' ],
70 silly audit   'lodash.isnumber': [ '3.0.3' ],
70 silly audit   'lodash.isplainobject': [ '4.0.6' ],
70 silly audit   'lodash.isstring': [ '4.0.1' ],
70 silly audit   'lodash.once': [ '4.1.1' ],
70 silly audit   'loose-envify': [ '1.4.0' ],
70 silly audit   'media-typer': [ '0.3.0' ],
70 silly audit   'memoize-one': [ '5.2.1' ],
70 silly audit   'merge-descriptors': [ '1.0.1' ],
70 silly audit   methods: [ '1.1.2' ],
70 silly audit   mime: [ '1.6.0' ],
70 silly audit   'mime-db': [ '1.52.0' ],
70 silly audit   'mime-types': [ '2.1.35' ],
70 silly audit   minimist: [ '1.2.8' ],
70 silly audit   mkdirp: [ '0.5.6' ],
70 silly audit   multer: [ '1.4.5-lts.1' ],
70 silly audit   nanoid: [ '3.3.7' ],
70 silly audit   negotiator: [ '0.6.3' ],
70 silly audit   next: [ '14.2.5' ],
70 silly audit   'object-assign': [ '4.1.1' ],
70 silly audit   'object-inspect': [ '1.13.2' ],
70 silly audit   'on-finished': [ '2.4.1' ],
70 silly audit   parseurl: [ '1.3.3' ],
70 silly audit   'path-to-regexp': [ '0.1.7' ],
70 silly audit   picocolors: [ '1.0.1' ],
70 silly audit   postcss: [ '8.4.31' ],
70 silly audit   'process-nextick-args': [ '2.0.1' ],
70 silly audit   'prop-types': [ '15.8.1' ],
70 silly audit   'proxy-addr': [ '2.0.7' ],
70 silly audit   'proxy-from-env': [ '1.1.0' ],
70 silly audit   qs: [ '6.11.0' ],
70 silly audit   'range-parser': [ '1.2.1' ],
70 silly audit   'raw-body': [ '2.5.2' ],
70 silly audit   react: [ '18.3.1' ],
70 silly audit   'react-dom': [ '18.3.1' ],
70 silly audit   'react-hook-form': [ '7.52.1' ],
70 silly audit   'react-is': [ '16.13.1' ],
70 silly audit   'react-lifecycles-compat': [ '3.0.4' ],
70 silly audit   'react-modal': [ '3.16.1' ],
70 silly audit   'react-window': [ '1.8.10' ],
70 silly audit   'readable-stream': [ '2.3.8' ],
70 silly audit   'safe-buffer': [ '5.1.2', '5.2.1' ],
70 silly audit   'regenerator-runtime': [ '0.14.1' ],
70 silly audit   'safer-buffer': [ '2.1.2' ],
70 silly audit   scheduler: [ '0.23.2' ],
70 silly audit   semver: [ '7.6.3' ],
70 silly audit   send: [ '0.18.0' ],
70 silly audit   'serve-static': [ '1.15.0' ],
70 silly audit   'set-function-length': [ '1.2.2' ],
70 silly audit   setprototypeof: [ '1.2.0' ],
70 silly audit   'side-channel': [ '1.0.6' ],
70 silly audit   'source-map-js': [ '1.2.0' ],
70 silly audit   statuses: [ '2.0.1' ],
70 silly audit   streamsearch: [ '1.1.0' ],
70 silly audit   string_decoder: [ '1.1.1' ],
70 silly audit   'styled-jsx': [ '5.1.1' ],
70 silly audit   tabbable: [ '6.2.0' ],
70 silly audit   toidentifier: [ '1.0.1' ],
70 silly audit   tslib: [ '2.6.3' ],
70 silly audit   'type-is': [ '1.6.18' ],
70 silly audit   typedarray: [ '0.0.6' ],
70 silly audit   unpipe: [ '1.0.0' ],
70 silly audit   'use-sync-external-store': [ '1.2.0' ],
70 silly audit   'util-deprecate': [ '1.0.2' ],
70 silly audit   'utils-merge': [ '1.0.1' ],
70 silly audit   vary: [ '1.1.2' ],
70 silly audit   warning: [ '4.0.3' ],
70 silly audit   xtend: [ '4.0.2' ],
70 silly audit   zod: [ '3.23.8' ],
70 silly audit   zustand: [ '4.5.4' ]
70 silly audit }
71 verbose reify failed optional dependency C:\Users\Agus\Desktop\PinterestClon\node_modules\@next\swc-win32-ia32-msvc
72 silly reify mark deleted [
72 silly reify   'C:\\Users\\Agus\\Desktop\\PinterestClon\\node_modules\\@next\\swc-win32-ia32-msvc'
72 silly reify ]
73 verbose reify failed optional dependency C:\Users\Agus\Desktop\PinterestClon\node_modules\@next\swc-win32-arm64-msvc
74 silly reify mark deleted [
74 silly reify   'C:\\Users\\Agus\\Desktop\\PinterestClon\\node_modules\\@next\\swc-win32-arm64-msvc'
74 silly reify ]
75 verbose reify failed optional dependency C:\Users\Agus\Desktop\PinterestClon\node_modules\@next\swc-linux-x64-musl
76 silly reify mark deleted [
76 silly reify   'C:\\Users\\Agus\\Desktop\\PinterestClon\\node_modules\\@next\\swc-linux-x64-musl'
76 silly reify ]
77 verbose reify failed optional dependency C:\Users\Agus\Desktop\PinterestClon\node_modules\@next\swc-linux-x64-gnu
78 silly reify mark deleted [
78 silly reify   'C:\\Users\\Agus\\Desktop\\PinterestClon\\node_modules\\@next\\swc-linux-x64-gnu'
78 silly reify ]
79 verbose reify failed optional dependency C:\Users\Agus\Desktop\PinterestClon\node_modules\@next\swc-linux-arm64-musl
80 silly reify mark deleted [
80 silly reify   'C:\\Users\\Agus\\Desktop\\PinterestClon\\node_modules\\@next\\swc-linux-arm64-musl'
80 silly reify ]
81 verbose reify failed optional dependency C:\Users\Agus\Desktop\PinterestClon\node_modules\@next\swc-linux-arm64-gnu
82 silly reify mark deleted [
82 silly reify   'C:\\Users\\Agus\\Desktop\\PinterestClon\\node_modules\\@next\\swc-linux-arm64-gnu'
82 silly reify ]
83 verbose reify failed optional dependency C:\Users\Agus\Desktop\PinterestClon\node_modules\@next\swc-darwin-x64
84 silly reify mark deleted [
84 silly reify   'C:\\Users\\Agus\\Desktop\\PinterestClon\\node_modules\\@next\\swc-darwin-x64'
84 silly reify ]
85 verbose reify failed optional dependency C:\Users\Agus\Desktop\PinterestClon\node_modules\@next\swc-darwin-arm64
86 silly reify mark deleted [
86 silly reify   'C:\\Users\\Agus\\Desktop\\PinterestClon\\node_modules\\@next\\swc-darwin-arm64'
86 silly reify ]
87 timing reifyNode:node_modules/@next/swc-win32-ia32-msvc Completed in 47ms
88 timing reifyNode:node_modules/@next/swc-win32-arm64-msvc Completed in 47ms
89 timing reifyNode:node_modules/@next/swc-linux-x64-musl Completed in 47ms
90 timing reifyNode:node_modules/@next/swc-linux-x64-gnu Completed in 47ms
91 timing reifyNode:node_modules/@next/swc-linux-arm64-musl Completed in 48ms
92 timing reifyNode:node_modules/@next/swc-linux-arm64-gnu Completed in 48ms
93 timing reifyNode:node_modules/@next/swc-darwin-x64 Completed in 48ms
94 timing reifyNode:node_modules/@next/swc-darwin-arm64 Completed in 48ms
95 silly tarball no local data for vary@https://registry.npmjs.org/vary/-/vary-1.1.2.tgz. Extracting by manifest.
96 silly tarball no local data for warning@https://registry.npmjs.org/warning/-/warning-4.0.3.tgz. Extracting by manifest.
97 silly tarball no local data for xtend@https://registry.npmjs.org/xtend/-/xtend-4.0.2.tgz. Extracting by manifest.
98 silly tarball no local data for utils-merge@https://registry.npmjs.org/utils-merge/-/utils-merge-1.0.1.tgz. Extracting by manifest.
99 silly tarball no local data for use-sync-external-store@https://registry.npmjs.org/use-sync-external-store/-/use-sync-external-store-1.2.0.tgz. Extracting by manifest.
100 silly tarball no local data for typedarray@https://registry.npmjs.org/typedarray/-/typedarray-0.0.6.tgz. Extracting by manifest.
101 silly tarball no local data for unpipe@https://registry.npmjs.org/unpipe/-/unpipe-1.0.0.tgz. Extracting by manifest.
102 silly tarball no local data for type-is@https://registry.npmjs.org/type-is/-/type-is-1.6.18.tgz. Extracting by manifest.
103 silly tarball no local data for toidentifier@https://registry.npmjs.org/toidentifier/-/toidentifier-1.0.1.tgz. Extracting by manifest.
104 silly tarball no local data for tabbable@https://registry.npmjs.org/tabbable/-/tabbable-6.2.0.tgz. Extracting by manifest.
105 silly tarball no local data for string_decoder@https://registry.npmjs.org/string_decoder/-/string_decoder-1.1.1.tgz. Extracting by manifest.
106 silly tarball no local data for statuses@https://registry.npmjs.org/statuses/-/statuses-2.0.1.tgz. Extracting by manifest.
107 silly tarball no local data for setprototypeof@https://registry.npmjs.org/setprototypeof/-/setprototypeof-1.2.0.tgz. Extracting by manifest.
108 silly tarball no local data for serve-static@https://registry.npmjs.org/serve-static/-/serve-static-1.15.0.tgz. Extracting by manifest.
109 silly tarball no local data for send@https://registry.npmjs.org/send/-/send-0.18.0.tgz. Extracting by manifest.
110 silly tarball no local data for safer-buffer@https://registry.npmjs.org/safer-buffer/-/safer-buffer-2.1.2.tgz. Extracting by manifest.
111 silly tarball no local data for safe-buffer@https://registry.npmjs.org/safe-buffer/-/safe-buffer-5.2.1.tgz. Extracting by manifest.
112 silly tarball no local data for regenerator-runtime@https://registry.npmjs.org/regenerator-runtime/-/regenerator-runtime-0.14.1.tgz. Extracting by manifest.
113 silly tarball no local data for readable-stream@https://registry.npmjs.org/readable-stream/-/readable-stream-2.3.8.tgz. Extracting by manifest.
114 silly tarball no local data for react-lifecycles-compat@https://registry.npmjs.org/react-lifecycles-compat/-/react-lifecycles-compat-3.0.4.tgz. Extracting by manifest.
115 silly tarball no local data for raw-body@https://registry.npmjs.org/raw-body/-/raw-body-2.5.2.tgz. Extracting by manifest.
116 silly tarball no local data for range-parser@https://registry.npmjs.org/range-parser/-/range-parser-1.2.1.tgz. Extracting by manifest.
117 silly tarball no local data for qs@https://registry.npmjs.org/qs/-/qs-6.11.0.tgz. Extracting by manifest.
118 silly tarball no local data for proxy-from-env@https://registry.npmjs.org/proxy-from-env/-/proxy-from-env-1.1.0.tgz. Extracting by manifest.
119 silly tarball no local data for proxy-addr@https://registry.npmjs.org/proxy-addr/-/proxy-addr-2.0.7.tgz. Extracting by manifest.
120 silly tarball no local data for process-nextick-args@https://registry.npmjs.org/process-nextick-args/-/process-nextick-args-2.0.1.tgz. Extracting by manifest.
121 silly tarball no local data for path-to-regexp@https://registry.npmjs.org/path-to-regexp/-/path-to-regexp-0.1.7.tgz. Extracting by manifest.
122 silly tarball no local data for parseurl@https://registry.npmjs.org/parseurl/-/parseurl-1.3.3.tgz. Extracting by manifest.
123 silly tarball no local data for on-finished@https://registry.npmjs.org/on-finished/-/on-finished-2.4.1.tgz. Extracting by manifest.
124 silly tarball no local data for negotiator@https://registry.npmjs.org/negotiator/-/negotiator-0.6.3.tgz. Extracting by manifest.
125 silly tarball no local data for ms@https://registry.npmjs.org/ms/-/ms-2.0.0.tgz. Extracting by manifest.
126 silly tarball no local data for mkdirp@https://registry.npmjs.org/mkdirp/-/mkdirp-0.5.6.tgz. Extracting by manifest.
127 silly tarball no local data for mime-types@https://registry.npmjs.org/mime-types/-/mime-types-2.1.35.tgz. Extracting by manifest.
128 silly tarball no local data for mime-db@https://registry.npmjs.org/mime-db/-/mime-db-1.52.0.tgz. Extracting by manifest.
129 silly tarball no local data for mime@https://registry.npmjs.org/mime/-/mime-1.6.0.tgz. Extracting by manifest.
130 silly tarball no local data for methods@https://registry.npmjs.org/methods/-/methods-1.1.2.tgz. Extracting by manifest.
131 silly tarball no local data for memoize-one@https://registry.npmjs.org/memoize-one/-/memoize-one-5.2.1.tgz. Extracting by manifest.
132 silly tarball no local data for media-typer@https://registry.npmjs.org/media-typer/-/media-typer-0.3.0.tgz. Extracting by manifest.
133 silly tarball no local data for lodash.once@https://registry.npmjs.org/lodash.once/-/lodash.once-4.1.1.tgz. Extracting by manifest.
134 silly tarball no local data for lodash.isstring@https://registry.npmjs.org/lodash.isstring/-/lodash.isstring-4.0.1.tgz. Extracting by manifest.
135 silly tarball no local data for lodash.isplainobject@https://registry.npmjs.org/lodash.isplainobject/-/lodash.isplainobject-4.0.6.tgz. Extracting by manifest.
136 silly tarball no local data for merge-descriptors@https://registry.npmjs.org/merge-descriptors/-/merge-descriptors-1.0.1.tgz. Extracting by manifest.
137 silly tarball no local data for lodash.isnumber@https://registry.npmjs.org/lodash.isnumber/-/lodash.isnumber-3.0.3.tgz. Extracting by manifest.
138 silly tarball no local data for lodash.isinteger@https://registry.npmjs.org/lodash.isinteger/-/lodash.isinteger-4.0.4.tgz. Extracting by manifest.
139 silly tarball no local data for lodash.isboolean@https://registry.npmjs.org/lodash.isboolean/-/lodash.isboolean-3.0.3.tgz. Extracting by manifest.
140 silly tarball no local data for lodash.includes@https://registry.npmjs.org/lodash.includes/-/lodash.includes-4.3.0.tgz. Extracting by manifest.
141 silly tarball no local data for jws@https://registry.npmjs.org/jws/-/jws-3.2.2.tgz. Extracting by manifest.
142 silly tarball no local data for jwa@https://registry.npmjs.org/jwa/-/jwa-1.4.1.tgz. Extracting by manifest.
143 silly tarball no local data for isarray@https://registry.npmjs.org/isarray/-/isarray-1.0.0.tgz. Extracting by manifest.
144 silly tarball no local data for ipaddr.js@https://registry.npmjs.org/ipaddr.js/-/ipaddr.js-1.9.1.tgz. Extracting by manifest.
145 silly tarball no local data for iconv-lite@https://registry.npmjs.org/iconv-lite/-/iconv-lite-0.4.24.tgz. Extracting by manifest.
146 silly tarball no local data for http-errors@https://registry.npmjs.org/http-errors/-/http-errors-2.0.0.tgz. Extracting by manifest.
147 silly tarball no local data for fresh@https://registry.npmjs.org/fresh/-/fresh-0.5.2.tgz. Extracting by manifest.
148 silly tarball no local data for forwarded@https://registry.npmjs.org/forwarded/-/forwarded-0.2.0.tgz. Extracting by manifest.
149 silly tarball no local data for form-data@https://registry.npmjs.org/form-data/-/form-data-4.0.0.tgz. Extracting by manifest.
150 silly tarball no local data for follow-redirects@https://registry.npmjs.org/follow-redirects/-/follow-redirects-1.15.6.tgz. Extracting by manifest.
151 silly tarball no local data for flairup@https://registry.npmjs.org/flairup/-/flairup-1.0.0.tgz. Extracting by manifest.
152 silly tarball no local data for finalhandler@https://registry.npmjs.org/finalhandler/-/finalhandler-1.2.0.tgz. Extracting by manifest.
153 silly tarball no local data for exenv@https://registry.npmjs.org/exenv/-/exenv-1.2.2.tgz. Extracting by manifest.
154 silly tarball no local data for etag@https://registry.npmjs.org/etag/-/etag-1.8.1.tgz. Extracting by manifest.
155 silly tarball no local data for escape-html@https://registry.npmjs.org/escape-html/-/escape-html-1.0.3.tgz. Extracting by manifest.
156 silly tarball no local data for encodeurl@https://registry.npmjs.org/encodeurl/-/encodeurl-1.0.2.tgz. Extracting by manifest.
157 silly tarball no local data for ee-first@https://registry.npmjs.org/ee-first/-/ee-first-1.1.1.tgz. Extracting by manifest.
158 silly tarball no local data for emoji-picker-react@https://registry.npmjs.org/emoji-picker-react/-/emoji-picker-react-4.12.0.tgz. Extracting by manifest.
159 silly tarball no local data for ecdsa-sig-formatter@https://registry.npmjs.org/ecdsa-sig-formatter/-/ecdsa-sig-formatter-1.0.11.tgz. Extracting by manifest.
160 silly tarball no local data for destroy@https://registry.npmjs.org/destroy/-/destroy-1.2.0.tgz. Extracting by manifest.
161 silly tarball no local data for delayed-stream@https://registry.npmjs.org/delayed-stream/-/delayed-stream-1.0.0.tgz. Extracting by manifest.
162 silly tarball no local data for depd@https://registry.npmjs.org/depd/-/depd-2.0.0.tgz. Extracting by manifest.
163 silly tarball no local data for debug@https://registry.npmjs.org/debug/-/debug-2.6.9.tgz. Extracting by manifest.
164 silly tarball no local data for cookie-signature@https://registry.npmjs.org/cookie-signature/-/cookie-signature-1.0.6.tgz. Extracting by manifest.
165 silly tarball no local data for core-util-is@https://registry.npmjs.org/core-util-is/-/core-util-is-1.0.3.tgz. Extracting by manifest.
166 silly tarball no local data for cookie@https://registry.npmjs.org/cookie/-/cookie-0.6.0.tgz. Extracting by manifest.
167 silly tarball no local data for content-type@https://registry.npmjs.org/content-type/-/content-type-1.0.5.tgz. Extracting by manifest.
168 silly tarball no local data for content-disposition@https://registry.npmjs.org/content-disposition/-/content-disposition-0.5.4.tgz. Extracting by manifest.
169 silly tarball no local data for concat-stream@https://registry.npmjs.org/concat-stream/-/concat-stream-1.6.2.tgz. Extracting by manifest.
170 silly tarball no local data for combined-stream@https://registry.npmjs.org/combined-stream/-/combined-stream-1.0.8.tgz. Extracting by manifest.
171 silly tarball no local data for clsx@https://registry.npmjs.org/clsx/-/clsx-2.1.1.tgz. Extracting by manifest.
172 silly tarball no local data for bytes@https://registry.npmjs.org/bytes/-/bytes-3.1.2.tgz. Extracting by manifest.
173 silly tarball no local data for buffer-from@https://registry.npmjs.org/buffer-from/-/buffer-from-1.1.2.tgz. Extracting by manifest.
174 silly tarball no local data for asynckit@https://registry.npmjs.org/asynckit/-/asynckit-0.4.0.tgz. Extracting by manifest.
175 silly tarball no local data for buffer-equal-constant-time@https://registry.npmjs.org/buffer-equal-constant-time/-/buffer-equal-constant-time-1.0.1.tgz. Extracting by manifest.
176 silly tarball no local data for array-flatten@https://registry.npmjs.org/array-flatten/-/array-flatten-1.1.1.tgz. Extracting by manifest.
177 silly tarball no local data for body-parser@https://registry.npmjs.org/body-parser/-/body-parser-1.20.2.tgz. Extracting by manifest.
178 silly tarball no local data for append-field@https://registry.npmjs.org/append-field/-/append-field-1.0.0.tgz. Extracting by manifest.
179 silly tarball no local data for accepts@https://registry.npmjs.org/accepts/-/accepts-1.3.8.tgz. Extracting by manifest.
180 silly tarball no local data for @tanstack/react-virtual@https://registry.npmjs.org/@tanstack/react-virtual/-/react-virtual-3.8.3.tgz. Extracting by manifest.
181 silly tarball no local data for @tanstack/virtual-core@https://registry.npmjs.org/@tanstack/virtual-core/-/virtual-core-3.8.3.tgz. Extracting by manifest.
182 silly tarball no local data for @react-types/shared@https://registry.npmjs.org/@react-types/shared/-/shared-3.24.1.tgz. Extracting by manifest.
183 silly tarball no local data for @react-aria/utils@https://registry.npmjs.org/@react-aria/utils/-/utils-3.25.1.tgz. Extracting by manifest.
184 silly tarball no local data for @react-stately/utils@https://registry.npmjs.org/@react-stately/utils/-/utils-3.10.2.tgz. Extracting by manifest.
185 silly tarball no local data for @react-aria/interactions@https://registry.npmjs.org/@react-aria/interactions/-/interactions-3.22.1.tgz. Extracting by manifest.
186 silly tarball no local data for @react-aria/ssr@https://registry.npmjs.org/@react-aria/ssr/-/ssr-3.9.5.tgz. Extracting by manifest.
187 silly tarball no local data for @react-aria/focus@https://registry.npmjs.org/@react-aria/focus/-/focus-3.18.1.tgz. Extracting by manifest.
188 silly tarball no local data for @floating-ui/utils@https://registry.npmjs.org/@floating-ui/utils/-/utils-0.2.5.tgz. Extracting by manifest.
189 silly tarball no local data for @floating-ui/react@https://registry.npmjs.org/@floating-ui/react/-/react-0.26.20.tgz. Extracting by manifest.
190 silly tarball no local data for @floating-ui/react-dom@https://registry.npmjs.org/@floating-ui/react-dom/-/react-dom-2.1.1.tgz. Extracting by manifest.
191 silly tarball no local data for @floating-ui/core@https://registry.npmjs.org/@floating-ui/core/-/core-1.6.5.tgz. Extracting by manifest.
192 silly tarball no local data for @floating-ui/dom@https://registry.npmjs.org/@floating-ui/dom/-/dom-1.6.8.tgz. Extracting by manifest.
193 silly tarball no local data for @babel/runtime@https://registry.npmjs.org/@babel/runtime/-/runtime-7.25.7.tgz. Extracting by manifest.
194 silly tarball no local data for @headlessui/react@https://registry.npmjs.org/@headlessui/react/-/react-2.1.2.tgz. Extracting by manifest.
195 silly tarball no local data for @types/react-modal@https://registry.npmjs.org/@types/react-modal/-/react-modal-3.16.3.tgz. Extracting by manifest.
196 silly tarball no local data for @hookform/resolvers@https://registry.npmjs.org/@hookform/resolvers/-/resolvers-3.9.0.tgz. Extracting by manifest.
197 silly tarball no local data for @types/react-window@https://registry.npmjs.org/@types/react-window/-/react-window-1.8.8.tgz. Extracting by manifest.
198 silly tarball no local data for @types/js-cookie@https://registry.npmjs.org/@types/js-cookie/-/js-cookie-3.0.6.tgz. Extracting by manifest.
199 silly tarball no local data for react-window@https://registry.npmjs.org/react-window/-/react-window-1.8.10.tgz. Extracting by manifest.
200 silly tarball no local data for react-modal@https://registry.npmjs.org/react-modal/-/react-modal-3.16.1.tgz. Extracting by manifest.
201 silly tarball no local data for zod@https://registry.npmjs.org/zod/-/zod-3.23.8.tgz. Extracting by manifest.
202 silly tarball no local data for zustand@https://registry.npmjs.org/zustand/-/zustand-4.5.4.tgz. Extracting by manifest.
203 silly tarball no local data for jsonwebtoken@https://registry.npmjs.org/jsonwebtoken/-/jsonwebtoken-9.0.2.tgz. Extracting by manifest.
204 silly tarball no local data for react-hook-form@https://registry.npmjs.org/react-hook-form/-/react-hook-form-7.52.1.tgz. Extracting by manifest.
205 silly tarball no local data for express-fileupload@https://registry.npmjs.org/express-fileupload/-/express-fileupload-1.5.1.tgz. Extracting by manifest.
206 silly tarball no local data for multer@https://registry.npmjs.org/multer/-/multer-1.4.5-lts.1.tgz. Extracting by manifest.
207 silly tarball no local data for js-cookie@https://registry.npmjs.org/js-cookie/-/js-cookie-3.0.5.tgz. Extracting by manifest.
208 silly tarball no local data for dotenv@https://registry.npmjs.org/dotenv/-/dotenv-16.4.5.tgz. Extracting by manifest.
209 silly tarball no local data for cors@https://registry.npmjs.org/cors/-/cors-2.8.5.tgz. Extracting by manifest.
210 silly tarball no local data for axios@https://registry.npmjs.org/axios/-/axios-1.7.2.tgz. Extracting by manifest.
211 silly tarball no local data for cookie-parser@https://registry.npmjs.org/cookie-parser/-/cookie-parser-1.4.6.tgz. Extracting by manifest.
212 silly tarball no local data for safe-buffer@https://registry.npmjs.org/safe-buffer/-/safe-buffer-5.1.2.tgz. Extracting by manifest.
213 silly tarball no local data for express@https://registry.npmjs.org/express/-/express-4.19.2.tgz. Extracting by manifest.
214 silly tarball no local data for ms@https://registry.npmjs.org/ms/-/ms-2.1.3.tgz. Extracting by manifest.
215 silly tarball no local data for safe-buffer@https://registry.npmjs.org/safe-buffer/-/safe-buffer-5.1.2.tgz. Extracting by manifest.
216 silly tarball no local data for ms@https://registry.npmjs.org/ms/-/ms-2.1.3.tgz. Extracting by manifest.
217 silly tarball no local data for cookie@https://registry.npmjs.org/cookie/-/cookie-0.4.1.tgz. Extracting by manifest.
218 http fetch POST 200 https://registry.npmjs.org/-/npm/v1/security/advisories/bulk 1164ms
219 timing auditReport:getReport Completed in 1166ms
220 silly audit report {
220 silly audit report   axios: [
220 silly audit report     {
220 silly audit report       id: 1098583,
220 silly audit report       url: 'https://github.com/advisories/GHSA-8hc4-vh64-cxmj',
220 silly audit report       title: 'Server-Side Request Forgery in axios',
220 silly audit report       severity: 'high',
220 silly audit report       vulnerable_versions: '>=1.3.2 <=1.7.3',
220 silly audit report       cwe: [Array],
220 silly audit report       cvss: [Object]
220 silly audit report     }
220 silly audit report   ],
220 silly audit report   'body-parser': [
220 silly audit report     {
220 silly audit report       id: 1099520,
220 silly audit report       url: 'https://github.com/advisories/GHSA-qwcr-r2fm-qrc7',
220 silly audit report       title: 'body-parser vulnerable to denial of service when url encoding is enabled',
220 silly audit report       severity: 'high',
220 silly audit report       vulnerable_versions: '<1.20.3',
220 silly audit report       cwe: [Array],
220 silly audit report       cvss: [Object]
220 silly audit report     }
220 silly audit report   ],
220 silly audit report   cookie: [
220 silly audit report     {
220 silly audit report       id: 1099846,
220 silly audit report       url: 'https://github.com/advisories/GHSA-pxg6-pf52-xh8x',
220 silly audit report       title: 'cookie accepts cookie name, path, and domain with out of bounds characters',
220 silly audit report       severity: 'low',
220 silly audit report       vulnerable_versions: '<0.7.0',
220 silly audit report       cwe: [Array],
220 silly audit report       cvss: [Object]
220 silly audit report     }
220 silly audit report   ],
220 silly audit report   express: [
220 silly audit report     {
220 silly audit report       id: 1100530,
220 silly audit report       url: 'https://github.com/advisories/GHSA-qw6h-vgh9-j6wx',
220 silly audit report       title: 'express vulnerable to XSS via response.redirect()',
220 silly audit report       severity: 'low',
220 silly audit report       vulnerable_versions: '<4.20.0',
220 silly audit report       cwe: [Array],
220 silly audit report       cvss: [Object]
220 silly audit report     }
220 silly audit report   ],
220 silly audit report   nanoid: [
220 silly audit report     {
220 silly audit report       id: 1101163,
220 silly audit report       url: 'https://github.com/advisories/GHSA-mwcw-c2x4-8c55',
220 silly audit report       title: 'Predictable results in nanoid generation when given non-integer values',
220 silly audit report       severity: 'moderate',
220 silly audit report       vulnerable_versions: '<3.3.8',
220 silly audit report       cwe: [Array],
220 silly audit report       cvss: [Object]
220 silly audit report     }
220 silly audit report   ],
220 silly audit report   next: [
220 silly audit report     {
220 silly audit report       id: 1099638,
220 silly audit report       url: 'https://github.com/advisories/GHSA-gp8f-8m3g-qvj9',
220 silly audit report       title: 'Next.js Cache Poisoning',
220 silly audit report       severity: 'high',
220 silly audit report       vulnerable_versions: '>=14.0.0 <14.2.10',
220 silly audit report       cwe: [Array],
220 silly audit report       cvss: [Object]
220 silly audit report     },
220 silly audit report     {
220 silly audit report       id: 1100421,
220 silly audit report       url: 'https://github.com/advisories/GHSA-g77x-44xx-532m',
220 silly audit report       title: 'Denial of Service condition in Next.js image optimization',
220 silly audit report       severity: 'moderate',
220 silly audit report       vulnerable_versions: '>=10.0.0 <14.2.7',
220 silly audit report       cwe: [Array],
220 silly audit report       cvss: [Object]
220 silly audit report     },
220 silly audit report     {
220 silly audit report       id: 1101380,
220 silly audit report       url: 'https://github.com/advisories/GHSA-7gfc-8cq8-jh5f',
220 silly audit report       title: 'Next.js authorization bypass vulnerability',
220 silly audit report       severity: 'high',
220 silly audit report       vulnerable_versions: '>=9.5.5 <14.2.15',
220 silly audit report       cwe: [Array],
220 silly audit report       cvss: [Object]
220 silly audit report     }
220 silly audit report   ],
220 silly audit report   'path-to-regexp': [
220 silly audit report     {
220 silly audit report       id: 1101081,
220 silly audit report       url: 'https://github.com/advisories/GHSA-rhx6-c78j-4q9w',
220 silly audit report       title: 'Unpatched `path-to-regexp` ReDoS in 0.1.x',
220 silly audit report       severity: 'moderate',
220 silly audit report       vulnerable_versions: '<0.1.12',
220 silly audit report       cwe: [Array],
220 silly audit report       cvss: [Object]
220 silly audit report     },
220 silly audit report     {
220 silly audit report       id: 1099562,
220 silly audit report       url: 'https://github.com/advisories/GHSA-9wv6-86v2-598j',
220 silly audit report       title: 'path-to-regexp outputs backtracking regular expressions',
220 silly audit report       severity: 'high',
220 silly audit report       vulnerable_versions: '<0.1.10',
220 silly audit report       cwe: [Array],
220 silly audit report       cvss: [Object]
220 silly audit report     }
220 silly audit report   ],
220 silly audit report   send: [
220 silly audit report     {
220 silly audit report       id: 1100526,
220 silly audit report       url: 'https://github.com/advisories/GHSA-m6fv-jmcg-4jfg',
220 silly audit report       title: 'send vulnerable to template injection that can lead to XSS',
220 silly audit report       severity: 'low',
220 silly audit report       vulnerable_versions: '<0.19.0',
220 silly audit report       cwe: [Array],
220 silly audit report       cvss: [Object]
220 silly audit report     }
220 silly audit report   ],
220 silly audit report   'serve-static': [
220 silly audit report     {
220 silly audit report       id: 1100528,
220 silly audit report       url: 'https://github.com/advisories/GHSA-cm22-4g7w-348p',
220 silly audit report       title: 'serve-static vulnerable to template injection that can lead to XSS',
220 silly audit report       severity: 'low',
220 silly audit report       vulnerable_versions: '<1.16.0',
220 silly audit report       cwe: [Array],
220 silly audit report       cvss: [Object]
220 silly audit report     }
220 silly audit report   ]
220 silly audit report }
221 timing metavuln:cache:get:security-advisory:axios:A8udLrZcWN+DjwMEb6fshdN5n5UqnCxbUOi3f6updLXGwKik6oGDcb5NO4lCNOiL70Sj6OLiRrZ1dDDD3Cx4zQ== Completed in 54ms
222 timing metavuln:cache:get:security-advisory:body-parser:uoEU0GS6gk35ZdcQ5nagZYzZcDz5Th0PEvPIVa8rzwbO20pRdxYbAhpIm6Wc5MALXoWb1C4X8WqCtH02U0Wo1A== Completed in 51ms
223 timing metavuln:cache:get:security-advisory:cookie:fiAgy8LdsBPaQEbo7M3TC0K1AVc7Dl69m8P2pmr6RTs1eBYnkyvV6lHHCRB0mAKtL1TSQPXxJVEHOqp48Uvhag== Completed in 50ms
224 timing metavuln:cache:get:security-advisory:express:Y6ACp2DmYM+0HQ/I8CvEhLQJwNp8DOoQ76C8ObH06Y0qG40PIuVRmOi3OWzwUOTASTLCIWqeicWSO/acR3aaGQ== Completed in 50ms
225 timing metavuln:cache:get:security-advisory:nanoid:SQKCup8sGN0ajTqJBTsmG5DRPm6VNoYvtYEU3+oEs0yS1Zc7yA0hMKDHq2B0BcWlfg4+DAnmY2WgCYvhDtBgkA== Completed in 50ms
226 timing metavuln:cache:get:security-advisory:next:A9m47VBQvL++V9EsVwBseCbPrOK9xk7oLIzrStyVB02IketEwhGsklFuhL1oaYPUn8YGmhlTxpFhF93K/Wfw5Q== Completed in 49ms
227 timing metavuln:cache:get:security-advisory:next:d2hMvT1neRk1OILN6KsQ2L4sjWpIe19WxzSQJivjdzJVb/hhXgpN5SXMC++Yae4yKIQkpUsP465F2rfLyKo4PA== Completed in 49ms
228 timing metavuln:cache:get:security-advisory:next:D6WTw+Rp2YFkQ065HbCta60wmL8FISFZuXIwHsy06C4Ka33a+guaJDa6cQ3lv6msO26tV1meNesuiT38Bz8F2g== Completed in 50ms
229 timing metavuln:cache:get:security-advisory:path-to-regexp:2qdoAnGH3xB469g+aonHSVZDVP7zVBN7zKSrZom+Yx5jyXRqD98gvs0JcbJIcczqsPq3aVnw6g4EVzEWP24sQA== Completed in 50ms
230 timing metavuln:cache:get:security-advisory:path-to-regexp:MGO+1pdJTigPi3TXGZyVn35t2czXVkYs+fgMO7RE91yslgH9FQoQuUVMgE+5KM1TF4oevhUauG5tddQcIK8Fzg== Completed in 49ms
231 timing metavuln:cache:get:security-advisory:send:OO84Jm+bi6L8ol/TxvTv+544ykBtTelmjwigseeY2D0sCzg0KsHTtaRRJob9h32hC3fi9i3JSBR51oHF0vvyRQ== Completed in 49ms
232 timing metavuln:cache:get:security-advisory:serve-static:VyBBWzRCPk4QPwU71mkZJ+QZdwW0bnbx/lUJDdvhij3t67jGrB4z2A5Ryyta1VjZgpmZ9kuyannc46B7jSSuiQ== Completed in 49ms
233 timing reifyNode:node_modules/client-only Completed in 1321ms
234 timing reifyNode:node_modules/object-assign Completed in 1373ms
235 timing reifyNode:node_modules/@types/prop-types Completed in 1373ms
236 timing reifyNode:node_modules/@swc/counter Completed in 1374ms
237 timing reifyNode:node_modules/@next/env Completed in 1382ms
238 http fetch GET 200 https://registry.npmjs.org/process-nextick-args/-/process-nextick-args-2.0.1.tgz 1315ms (cache miss)
239 http fetch GET 200 https://registry.npmjs.org/core-util-is/-/core-util-is-1.0.3.tgz 1294ms (cache miss)
240 http fetch GET 200 https://registry.npmjs.org/ms/-/ms-2.0.0.tgz 1327ms (cache miss)
241 http fetch GET 200 https://registry.npmjs.org/lodash.isinteger/-/lodash.isinteger-4.0.4.tgz 1322ms (cache miss)
242 http fetch GET 200 https://registry.npmjs.org/ee-first/-/ee-first-1.1.1.tgz 1311ms (cache miss)
243 timing reifyNode:node_modules/process-nextick-args Completed in 1416ms
244 http fetch GET 200 https://registry.npmjs.org/concat-stream/-/concat-stream-1.6.2.tgz 1310ms (cache miss)
245 http fetch GET 200 https://registry.npmjs.org/lodash.isplainobject/-/lodash.isplainobject-4.0.6.tgz 1329ms (cache miss)
246 http fetch GET 200 https://registry.npmjs.org/lodash.isnumber/-/lodash.isnumber-3.0.3.tgz 1328ms (cache miss)
247 http fetch GET 200 https://registry.npmjs.org/lodash.isstring/-/lodash.isstring-4.0.1.tgz 1329ms (cache miss)
248 timing reifyNode:node_modules/inherits Completed in 1422ms
249 timing reifyNode:node_modules/ms Completed in 1425ms
250 http fetch GET 200 https://registry.npmjs.org/lodash.once/-/lodash.once-4.1.1.tgz 1335ms (cache miss)
251 timing reifyNode:node_modules/lodash.isinteger Completed in 1426ms
252 http fetch GET 200 https://registry.npmjs.org/buffer-from/-/buffer-from-1.1.2.tgz 1315ms (cache miss)
253 timing reifyNode:node_modules/lodash.isplainobject Completed in 1426ms
254 http fetch GET 200 https://registry.npmjs.org/range-parser/-/range-parser-1.2.1.tgz 1344ms (cache miss)
255 timing reifyNode:node_modules/ee-first Completed in 1426ms
256 timing reifyNode:node_modules/lodash.isnumber Completed in 1427ms
257 http fetch GET 200 https://registry.npmjs.org/array-flatten/-/array-flatten-1.1.1.tgz 1315ms (cache miss)
258 http fetch GET 200 https://registry.npmjs.org/exenv/-/exenv-1.2.2.tgz 1328ms (cache miss)
259 timing reifyNode:node_modules/js-tokens Completed in 1430ms
260 http fetch GET 200 https://registry.npmjs.org/unpipe/-/unpipe-1.0.0.tgz 1356ms (cache miss)
261 http fetch GET 200 https://registry.npmjs.org/utils-merge/-/utils-merge-1.0.1.tgz 1359ms (cache miss)
262 http fetch GET 200 https://registry.npmjs.org/methods/-/methods-1.1.2.tgz 1343ms (cache miss)
263 timing reifyNode:node_modules/lodash.once Completed in 1432ms
264 http fetch GET 200 https://registry.npmjs.org/destroy/-/destroy-1.2.0.tgz 1327ms (cache miss)
265 timing reifyNode:node_modules/destroy Completed in 1431ms
266 http fetch GET 200 https://registry.npmjs.org/lodash.isboolean/-/lodash.isboolean-3.0.3.tgz 1340ms (cache miss)
267 timing reifyNode:node_modules/lodash.isboolean Completed in 1433ms
268 timing reifyNode:node_modules/buffer-from Completed in 1431ms
269 timing reifyNode:node_modules/concat-stream Completed in 1431ms
270 http fetch GET 200 https://registry.npmjs.org/forwarded/-/forwarded-0.2.0.tgz 1336ms (cache miss)
271 timing reifyNode:node_modules/lodash.isstring Completed in 1433ms
272 timing reifyNode:node_modules/array-flatten Completed in 1432ms
273 timing reifyNode:node_modules/core-util-is Completed in 1433ms
274 http fetch GET 200 https://registry.npmjs.org/escape-html/-/escape-html-1.0.3.tgz 1331ms (cache miss)
275 timing reifyNode:node_modules/escape-html Completed in 1433ms
276 http fetch GET 200 https://registry.npmjs.org/ms/-/ms-2.1.3.tgz 1302ms (cache miss)
277 http fetch GET 200 https://registry.npmjs.org/path-to-regexp/-/path-to-regexp-0.1.7.tgz 1354ms (cache miss)
278 http fetch GET 200 https://registry.npmjs.org/toidentifier/-/toidentifier-1.0.1.tgz 1363ms (cache miss)
279 http fetch GET 200 https://registry.npmjs.org/cookie-signature/-/cookie-signature-1.0.6.tgz 1335ms (cache miss)
280 http fetch GET 200 https://registry.npmjs.org/fresh/-/fresh-0.5.2.tgz 1345ms (cache miss)
281 http fetch GET 200 https://registry.npmjs.org/encodeurl/-/encodeurl-1.0.2.tgz 1339ms (cache miss)
282 http fetch GET 200 https://registry.npmjs.org/jwa/-/jwa-1.4.1.tgz 1349ms (cache miss)
283 timing reifyNode:node_modules/exenv Completed in 1442ms
284 timing reifyNode:node_modules/jsonwebtoken/node_modules/ms Completed in 1443ms
285 http fetch GET 200 https://registry.npmjs.org/vary/-/vary-1.1.2.tgz 1377ms (cache miss)
286 http fetch GET 200 https://registry.npmjs.org/warning/-/warning-4.0.3.tgz 1375ms (cache miss)
287 http fetch GET 200 https://registry.npmjs.org/string_decoder/-/string_decoder-1.1.1.tgz 1372ms (cache miss)
288 timing reifyNode:node_modules/range-parser Completed in 1450ms
289 http fetch GET 200 https://registry.npmjs.org/bytes/-/bytes-3.1.2.tgz 1340ms (cache miss)
290 http fetch GET 200 https://registry.npmjs.org/@types/js-cookie/-/js-cookie-3.0.6.tgz 1328ms (cache miss)
291 http fetch GET 200 https://registry.npmjs.org/etag/-/etag-1.8.1.tgz 1349ms (cache miss)
292 timing reifyNode:node_modules/jwa Completed in 1453ms
293 timing reifyNode:node_modules/util-deprecate Completed in 1455ms
294 timing reifyNode:node_modules/unpipe Completed in 1456ms
295 timing reifyNode:node_modules/toidentifier Completed in 1457ms
296 timing reifyNode:node_modules/utils-merge Completed in 1458ms
297 http fetch GET 200 https://registry.npmjs.org/parseurl/-/parseurl-1.3.3.tgz 1371ms (cache miss)
298 timing reifyNode:node_modules/methods Completed in 1457ms
299 http fetch GET 200 https://registry.npmjs.org/content-disposition/-/content-disposition-0.5.4.tgz 1349ms (cache miss)
300 http fetch GET 200 https://registry.npmjs.org/content-type/-/content-type-1.0.5.tgz 1349ms (cache miss)
301 http fetch GET 200 https://registry.npmjs.org/media-typer/-/media-typer-0.3.0.tgz 1369ms (cache miss)
302 timing reifyNode:node_modules/forwarded Completed in 1458ms
303 http fetch GET 200 https://registry.npmjs.org/cookie-parser/-/cookie-parser-1.4.6.tgz 1333ms (cache miss)
304 timing reifyNode:node_modules/vary Completed in 1466ms
305 timing reifyNode:node_modules/warning Completed in 1466ms
306 http fetch GET 200 https://registry.npmjs.org/statuses/-/statuses-2.0.1.tgz 1388ms (cache miss)
307 timing reifyNode:node_modules/path-to-regexp Completed in 1465ms
308 http fetch GET 200 https://registry.npmjs.org/type-is/-/type-is-1.6.18.tgz 1391ms (cache miss)
309 timing reifyNode:node_modules/string_decoder Completed in 1466ms
310 http fetch GET 200 https://registry.npmjs.org/setprototypeof/-/setprototypeof-1.2.0.tgz 1389ms (cache miss)
311 timing reifyNode:node_modules/cookie-signature Completed in 1465ms
312 http fetch GET 200 https://registry.npmjs.org/mkdirp/-/mkdirp-0.5.6.tgz 1380ms (cache miss)
313 timing reifyNode:node_modules/fresh Completed in 1466ms
314 timing reifyNode:node_modules/encodeurl Completed in 1467ms
315 timing reifyNode:node_modules/bytes Completed in 1466ms
316 http fetch GET 200 https://registry.npmjs.org/cookie/-/cookie-0.4.1.tgz 1335ms (cache miss)
317 timing reifyNode:node_modules/parseurl Completed in 1473ms
318 timing reifyNode:node_modules/type-is Completed in 1475ms
319 timing reifyNode:node_modules/content-disposition Completed in 1472ms
320 timing reifyNode:node_modules/content-type Completed in 1473ms
321 timing reifyNode:node_modules/@types/js-cookie Completed in 1473ms
322 timing reifyNode:node_modules/etag Completed in 1475ms
323 timing reifyNode:node_modules/cookie-parser Completed in 1474ms
324 timing reifyNode:node_modules/media-typer Completed in 1482ms
325 http fetch GET 200 https://registry.npmjs.org/combined-stream/-/combined-stream-1.0.8.tgz 1374ms (cache miss)
326 timing reifyNode:node_modules/picocolors Completed in 1484ms
327 timing reifyNode:node_modules/graceful-fs Completed in 1486ms
328 timing reifyNode:node_modules/statuses Completed in 1489ms
329 timing reifyNode:node_modules/setprototypeof Completed in 1489ms
330 http fetch GET 200 https://registry.npmjs.org/delayed-stream/-/delayed-stream-1.0.0.tgz 1383ms (cache miss)
331 timing reifyNode:node_modules/mkdirp Completed in 1490ms
332 timing reifyNode:node_modules/cookie-parser/node_modules/cookie Completed in 1488ms
333 http fetch GET 200 https://registry.npmjs.org/http-errors/-/http-errors-2.0.0.tgz 1397ms (cache miss)
334 timing reifyNode:node_modules/http-errors Completed in 1493ms
335 http fetch GET 200 https://registry.npmjs.org/finalhandler/-/finalhandler-1.2.0.tgz 1395ms (cache miss)
336 timing reifyNode:node_modules/finalhandler Completed in 1493ms
337 timing reifyNode:node_modules/combined-stream Completed in 1494ms
338 http fetch GET 200 https://registry.npmjs.org/regenerator-runtime/-/regenerator-runtime-0.14.1.tgz 1419ms (cache miss)
339 timing reifyNode:node_modules/regenerator-runtime Completed in 1501ms
340 http fetch GET 200 https://registry.npmjs.org/xtend/-/xtend-4.0.2.tgz 1428ms (cache miss)
341 http fetch GET 200 https://registry.npmjs.org/proxy-addr/-/proxy-addr-2.0.7.tgz 1418ms (cache miss)
342 timing reifyNode:node_modules/proxy-addr Completed in 1501ms
343 http fetch GET 200 https://registry.npmjs.org/accepts/-/accepts-1.3.8.tgz 1385ms (cache miss)
344 timing reifyNode:node_modules/accepts Completed in 1500ms
345 http fetch GET 200 https://registry.npmjs.org/mime-types/-/mime-types-2.1.35.tgz 1414ms (cache miss)
346 timing reifyNode:node_modules/mime-types Completed in 1503ms
347 http fetch GET 200 https://registry.npmjs.org/buffer-equal-constant-time/-/buffer-equal-constant-time-1.0.1.tgz 1391ms (cache miss)
348 timing reifyNode:node_modules/delayed-stream Completed in 1505ms
349 timing reifyNode:node_modules/loose-envify Completed in 1509ms
350 http fetch GET 200 https://registry.npmjs.org/lodash.includes/-/lodash.includes-4.3.0.tgz 1416ms (cache miss)
351 timing reifyNode:node_modules/lodash.includes Completed in 1510ms
352 timing reifyNode:node_modules/xtend Completed in 1513ms
353 http fetch GET 200 https://registry.npmjs.org/on-finished/-/on-finished-2.4.1.tgz 1429ms (cache miss)
354 timing reifyNode:node_modules/on-finished Completed in 1515ms
355 timing reifyNode:node_modules/buffer-equal-constant-time Completed in 1516ms
356 timing reifyNode:node_modules/gopd Completed in 1519ms
357 http fetch GET 200 https://registry.npmjs.org/cookie/-/cookie-0.6.0.tgz 1413ms (cache miss)
358 timing reifyNode:node_modules/cookie Completed in 1520ms
359 http fetch GET 200 https://registry.npmjs.org/cookie 358ms (cache miss)
360 timing metavuln:packument:cookie Completed in 358ms
361 timing metavuln:load:security-advisory:cookie:1099846 Completed in 1ms
362 http fetch GET 200 https://registry.npmjs.org/raw-body/-/raw-body-2.5.2.tgz 1445ms (cache miss)
363 http fetch GET 200 https://registry.npmjs.org/react-lifecycles-compat/-/react-lifecycles-compat-3.0.4.tgz 1445ms (cache miss)
364 timing reifyNode:node_modules/raw-body Completed in 1527ms
365 http fetch GET 200 https://registry.npmjs.org/ecdsa-sig-formatter/-/ecdsa-sig-formatter-1.0.11.tgz 1424ms (cache miss)
366 http fetch GET 200 https://registry.npmjs.org/isarray/-/isarray-1.0.0.tgz 1434ms (cache miss)
367 http fetch GET 200 https://registry.npmjs.org/serve-static 364ms (cache miss)
368 timing metavuln:packument:serve-static Completed in 364ms
369 timing metavuln:load:security-advisory:serve-static:1100528 Completed in 1ms
370 http fetch GET 200 https://registry.npmjs.org/ms/-/ms-2.1.3.tgz 1400ms (cache miss)
371 http fetch GET 200 https://registry.npmjs.org/serve-static/-/serve-static-1.15.0.tgz 1456ms (cache miss)
372 timing reifyNode:node_modules/serve-static Completed in 1535ms
373 http fetch GET 200 https://registry.npmjs.org/depd/-/depd-2.0.0.tgz 1428ms (cache miss)
374 timing reifyNode:node_modules/depd Completed in 1533ms
375 timing reifyNode:node_modules/streamsearch Completed in 1538ms
376 http fetch GET 200 https://registry.npmjs.org/safe-buffer/-/safe-buffer-5.2.1.tgz 1459ms (cache miss)
377 timing reifyNode:node_modules/safe-buffer Completed in 1540ms
378 timing reifyNode:node_modules/send/node_modules/ms Completed in 1540ms
379 http fetch GET 200 https://registry.npmjs.org/cors/-/cors-2.8.5.tgz 1413ms (cache miss)
380 timing reifyNode:node_modules/cors Completed in 1538ms
381 timing reifyNode:node_modules/react-is Completed in 1543ms
382 http fetch GET 200 https://registry.npmjs.org/append-field/-/append-field-1.0.0.tgz 1427ms (cache miss)
383 timing reifyNode:node_modules/react-lifecycles-compat Completed in 1545ms
384 timing reifyNode:node_modules/isarray Completed in 1544ms
385 timing reifyNode:node_modules/ecdsa-sig-formatter Completed in 1544ms
386 timing reifyNode:node_modules/has-property-descriptors Completed in 1546ms
387 timing reifyNode:node_modules/@types/react-dom Completed in 1544ms
388 http fetch GET 200 https://registry.npmjs.org/typedarray/-/typedarray-0.0.6.tgz 1474ms (cache miss)
389 http fetch GET 200 https://registry.npmjs.org/safer-buffer/-/safer-buffer-2.1.2.tgz 1470ms (cache miss)
390 timing reifyNode:node_modules/safer-buffer Completed in 1550ms
391 http fetch GET 200 https://registry.npmjs.org/safe-buffer/-/safe-buffer-5.1.2.tgz 1420ms (cache miss)
392 timing reifyNode:node_modules/string_decoder/node_modules/safe-buffer Completed in 1550ms
393 timing reifyNode:node_modules/get-intrinsic Completed in 1551ms
394 http fetch GET 200 https://registry.npmjs.org/form-data/-/form-data-4.0.0.tgz 1456ms (cache miss)
395 http fetch GET 200 https://registry.npmjs.org/merge-descriptors/-/merge-descriptors-1.0.1.tgz 1463ms (cache miss)
396 timing reifyNode:node_modules/merge-descriptors Completed in 1555ms
397 timing reifyNode:node_modules/append-field Completed in 1554ms
398 timing reifyNode:node_modules/hasown Completed in 1555ms
399 http fetch GET 200 https://registry.npmjs.org/jws/-/jws-3.2.2.tgz 1464ms (cache miss)
400 http fetch GET 200 https://registry.npmjs.org/negotiator/-/negotiator-0.6.3.tgz 1472ms (cache miss)
401 http fetch GET 200 https://registry.npmjs.org/ipaddr.js/-/ipaddr.js-1.9.1.tgz 1464ms (cache miss)
402 timing reifyNode:node_modules/ipaddr.js Completed in 1558ms
403 http fetch GET 200 https://registry.npmjs.org/body-parser 396ms (cache miss)
404 timing metavuln:packument:body-parser Completed in 397ms
405 timing metavuln:load:security-advisory:body-parser:1099520 Completed in 1ms
406 timing reifyNode:node_modules/typedarray Completed in 1563ms
407 timing reifyNode:node_modules/form-data Completed in 1562ms
408 timing reifyNode:node_modules/has-proto Completed in 1563ms
409 http fetch GET 200 https://registry.npmjs.org/safe-buffer/-/safe-buffer-5.1.2.tgz 1432ms (cache miss)
410 timing reifyNode:node_modules/readable-stream/node_modules/safe-buffer Completed in 1566ms
411 http fetch GET 200 https://registry.npmjs.org/send/-/send-0.18.0.tgz 1488ms (cache miss)
412 timing reifyNode:node_modules/send Completed in 1567ms
413 http fetch GET 200 https://registry.npmjs.org/proxy-from-env/-/proxy-from-env-1.1.0.tgz 1483ms (cache miss)
414 timing reifyNode:node_modules/proxy-from-env Completed in 1566ms
415 http fetch GET 200 https://registry.npmjs.org/clsx/-/clsx-2.1.1.tgz 1456ms (cache miss)
416 timing reifyNode:node_modules/negotiator Completed in 1572ms
417 timing reifyNode:node_modules/jws Completed in 1572ms
418 http fetch GET 200 https://registry.npmjs.org/path-to-regexp 407ms (cache miss)
419 timing metavuln:packument:path-to-regexp Completed in 408ms
420 timing metavuln:load:security-advisory:path-to-regexp:1101081 Completed in 1ms
421 timing metavuln:load:security-advisory:path-to-regexp:1099562 Completed in 1ms
422 http fetch GET 200 https://registry.npmjs.org/send 411ms (cache miss)
423 timing metavuln:packument:send Completed in 412ms
424 timing metavuln:load:security-advisory:send:1100526 Completed in 0ms
425 timing reifyNode:node_modules/es-define-property Completed in 1579ms
426 http fetch GET 200 https://registry.npmjs.org/mime-db/-/mime-db-1.52.0.tgz 1493ms (cache miss)
427 timing reifyNode:node_modules/clsx Completed in 1579ms
428 http fetch GET 200 https://registry.npmjs.org/follow-redirects/-/follow-redirects-1.15.6.tgz 1484ms (cache miss)
429 timing reifyNode:node_modules/follow-redirects Completed in 1581ms
430 timing reifyNode:node_modules/mime-db Completed in 1585ms
431 timing reifyNode:node_modules/define-data-property Completed in 1584ms
432 timing reifyNode:node_modules/set-function-length Completed in 1593ms
433 timing reifyNode:node_modules/call-bind Completed in 1590ms
434 timing metavuln:cache:put:security-advisory:cookie:fiAgy8LdsBPaQEbo7M3TC0K1AVc7Dl69m8P2pmr6RTs1eBYnkyvV6lHHCRB0mAKtL1TSQPXxJVEHOqp48Uvhag== Completed in 70ms
435 timing metavuln:calculate:security-advisory:cookie:1099846 Completed in 429ms
436 timing metavuln:cache:put:security-advisory:serve-static:VyBBWzRCPk4QPwU71mkZJ+QZdwW0bnbx/lUJDdvhij3t67jGrB4z2A5Ryyta1VjZgpmZ9kuyannc46B7jSSuiQ== Completed in 68ms
437 timing metavuln:calculate:security-advisory:serve-static:1100528 Completed in 433ms
438 timing reifyNode:node_modules/side-channel Completed in 1601ms
439 http fetch GET 200 https://registry.npmjs.org/js-cookie/-/js-cookie-3.0.5.tgz 1474ms (cache miss)
440 timing reifyNode:node_modules/js-cookie Completed in 1598ms
441 timing reifyNode:node_modules/function-bind Completed in 1601ms
442 http fetch GET 200 https://registry.npmjs.org/express 449ms (cache miss)
443 timing metavuln:packument:express Completed in 452ms
444 timing metavuln:load:security-advisory:express:1100530 Completed in 4ms
445 timing reifyNode:node_modules/prop-types Completed in 1623ms
446 http fetch GET 200 https://registry.npmjs.org/flairup/-/flairup-1.0.0.tgz 1528ms (cache miss)
447 timing reifyNode:node_modules/flairup Completed in 1626ms
448 timing metavuln:cache:put:security-advisory:body-parser:uoEU0GS6gk35ZdcQ5nagZYzZcDz5Th0PEvPIVa8rzwbO20pRdxYbAhpIm6Wc5MALXoWb1C4X8WqCtH02U0Wo1A== Completed in 69ms
449 timing metavuln:calculate:security-advisory:body-parser:1099520 Completed in 467ms
450 http fetch GET 200 https://registry.npmjs.org/memoize-one/-/memoize-one-5.2.1.tgz 1542ms (cache miss)
451 timing reifyNode:node_modules/has-symbols Completed in 1631ms
452 timing metavuln:cache:put:security-advisory:path-to-regexp:2qdoAnGH3xB469g+aonHSVZDVP7zVBN7zKSrZom+Yx5jyXRqD98gvs0JcbJIcczqsPq3aVnw6g4EVzEWP24sQA== Completed in 65ms
453 timing metavuln:calculate:security-advisory:path-to-regexp:1101081 Completed in 474ms
454 timing metavuln:cache:put:security-advisory:path-to-regexp:MGO+1pdJTigPi3TXGZyVn35t2czXVkYs+fgMO7RE91yslgH9FQoQuUVMgE+5KM1TF4oevhUauG5tddQcIK8Fzg== Completed in 65ms
455 timing metavuln:calculate:security-advisory:path-to-regexp:1099562 Completed in 474ms
456 timing reifyNode:node_modules/memoize-one Completed in 1640ms
457 http fetch GET 200 https://registry.npmjs.org/mime/-/mime-1.6.0.tgz 1553ms (cache miss)
458 timing reifyNode:node_modules/mime Completed in 1642ms
459 http fetch GET 200 https://registry.npmjs.org/axios 481ms (cache miss)
460 timing metavuln:packument:axios Completed in 486ms
461 timing metavuln:load:security-advisory:axios:1098583 Completed in 2ms
462 timing reifyNode:node_modules/tslib Completed in 1649ms
463 timing metavuln:cache:put:security-advisory:send:OO84Jm+bi6L8ol/TxvTv+544ykBtTelmjwigseeY2D0sCzg0KsHTtaRRJob9h32hC3fi9i3JSBR51oHF0vvyRQ== Completed in 71ms
464 timing metavuln:calculate:security-advisory:send:1100526 Completed in 483ms
465 http fetch GET 200 https://registry.npmjs.org/multer/-/multer-1.4.5-lts.1.tgz 1523ms (cache miss)
466 timing reifyNode:node_modules/multer Completed in 1647ms
467 http fetch GET 200 https://registry.npmjs.org/body-parser/-/body-parser-1.20.2.tgz 1547ms (cache miss)
468 timing reifyNode:node_modules/body-parser Completed in 1658ms
469 timing reifyNode:node_modules/source-map-js Completed in 1665ms
470 http fetch GET 200 https://registry.npmjs.org/dotenv/-/dotenv-16.4.5.tgz 1545ms (cache miss)
471 timing reifyNode:node_modules/dotenv Completed in 1669ms
472 timing metavuln:cache:put:security-advisory:express:Y6ACp2DmYM+0HQ/I8CvEhLQJwNp8DOoQ76C8ObH06Y0qG40PIuVRmOi3OWzwUOTASTLCIWqeicWSO/acR3aaGQ== Completed in 53ms
473 timing metavuln:calculate:security-advisory:express:1100530 Completed in 509ms
474 timing reifyNode:node_modules/scheduler Completed in 1684ms
475 timing metavuln:cache:put:security-advisory:axios:A8udLrZcWN+DjwMEb6fshdN5n5UqnCxbUOi3f6updLXGwKik6oGDcb5NO4lCNOiL70Sj6OLiRrZ1dDDD3Cx4zQ== Completed in 38ms
476 timing metavuln:calculate:security-advisory:axios:1098583 Completed in 526ms
477 http fetch GET 200 https://registry.npmjs.org/use-sync-external-store/-/use-sync-external-store-1.2.0.tgz 1618ms (cache miss)
478 http fetch GET 200 https://registry.npmjs.org/debug/-/debug-2.6.9.tgz 1591ms (cache miss)
479 http fetch GET 200 https://registry.npmjs.org/nanoid 535ms (cache updated)
480 timing metavuln:packument:nanoid Completed in 537ms
481 timing metavuln:load:security-advisory:nanoid:1101163 Completed in 2ms
482 timing reifyNode:node_modules/debug Completed in 1703ms
483 timing reifyNode:node_modules/use-sync-external-store Completed in 1706ms
484 http fetch GET 200 https://registry.npmjs.org/jsonwebtoken/-/jsonwebtoken-9.0.2.tgz 1580ms (cache miss)
485 timing reifyNode:node_modules/jsonwebtoken Completed in 1703ms
486 http fetch GET 200 https://registry.npmjs.org/asynckit/-/asynckit-0.4.0.tgz 1596ms (cache miss)
487 timing reifyNode:node_modules/asynckit Completed in 1713ms
488 timing reifyNode:node_modules/@types/react Completed in 1716ms
489 timing reifyNode:node_modules/es-errors Completed in 1719ms
490 timing reifyNode:node_modules/csstype Completed in 1723ms
491 timing metavuln:cache:put:security-advisory:nanoid:SQKCup8sGN0ajTqJBTsmG5DRPm6VNoYvtYEU3+oEs0yS1Zc7yA0hMKDHq2B0BcWlfg4+DAnmY2WgCYvhDtBgkA== Completed in 31ms
492 timing metavuln:calculate:security-advisory:nanoid:1101163 Completed in 570ms
493 timing reifyNode:node_modules/react Completed in 1738ms
494 timing reifyNode:node_modules/minimist Completed in 1741ms
495 timing reifyNode:node_modules/busboy Completed in 1740ms
496 timing reifyNode:node_modules/nanoid Completed in 1746ms
497 http fetch GET 200 https://registry.npmjs.org/qs/-/qs-6.11.0.tgz 1677ms (cache miss)
498 timing reifyNode:node_modules/qs Completed in 1759ms
499 http fetch GET 200 https://registry.npmjs.org/express/-/express-4.19.2.tgz 1639ms (cache miss)
500 timing reifyNode:node_modules/express Completed in 1765ms
501 http fetch GET 200 https://registry.npmjs.org/react-modal/-/react-modal-3.16.1.tgz 1645ms (cache miss)
502 timing reifyNode:node_modules/react-modal Completed in 1766ms
503 http fetch GET 200 https://registry.npmjs.org/readable-stream/-/readable-stream-2.3.8.tgz 1698ms (cache miss)
504 timing reifyNode:node_modules/readable-stream Completed in 1780ms
505 http fetch GET 200 https://registry.npmjs.org/tabbable/-/tabbable-6.2.0.tgz 1716ms (cache miss)
506 timing reifyNode:node_modules/tabbable Completed in 1792ms
507 timing reifyNode:node_modules/object-inspect Completed in 1797ms
508 timing reifyNode:node_modules/styled-jsx Completed in 1806ms
509 http fetch GET 200 https://registry.npmjs.org/@types/react-window/-/react-window-1.8.8.tgz 1688ms (cache miss)
510 timing reifyNode:node_modules/@types/react-window Completed in 1808ms
511 http fetch GET 200 https://registry.npmjs.org/express-fileupload/-/express-fileupload-1.5.1.tgz 1692ms (cache miss)
512 timing reifyNode:node_modules/express-fileupload Completed in 1819ms
513 http fetch GET 200 https://registry.npmjs.org/@types/react-modal/-/react-modal-3.16.3.tgz 1723ms (cache miss)
514 timing reifyNode:node_modules/@types/react-modal Completed in 1845ms
515 http fetch GET 200 https://registry.npmjs.org/iconv-lite/-/iconv-lite-0.4.24.tgz 1768ms (cache miss)
516 timing reifyNode:node_modules/iconv-lite Completed in 1863ms
517 timing reifyNode:node_modules/semver Completed in 1882ms
518 http fetch GET 200 https://registry.npmjs.org/react-window/-/react-window-1.8.10.tgz 1769ms (cache miss)
519 timing reifyNode:node_modules/react-window Completed in 1890ms
520 timing reifyNode:node_modules/postcss Completed in 1895ms
521 http fetch GET 200 https://registry.npmjs.org/zod/-/zod-3.23.8.tgz 1805ms (cache miss)
522 timing reifyNode:node_modules/zod Completed in 1928ms
523 http fetch GET 200 https://registry.npmjs.org/@floating-ui/core/-/core-1.6.5.tgz 1886ms (cache miss)
524 timing reifyNode:node_modules/@floating-ui/core Completed in 2004ms
525 timing reifyNode:node_modules/react-dom Completed in 2053ms
526 http fetch GET 200 https://registry.npmjs.org/@react-aria/ssr/-/ssr-3.9.5.tgz 1971ms (cache miss)
527 http fetch GET 200 https://registry.npmjs.org/@react-types/shared/-/shared-3.24.1.tgz 1975ms (cache miss)
528 timing reifyNode:node_modules/@react-types/shared Completed in 2090ms
529 timing reifyNode:node_modules/@react-aria/ssr Completed in 2094ms
530 http fetch GET 200 https://registry.npmjs.org/@react-stately/utils/-/utils-3.10.2.tgz 1987ms (cache miss)
531 timing reifyNode:node_modules/@react-stately/utils Completed in 2108ms
532 http fetch GET 200 https://registry.npmjs.org/@floating-ui/dom/-/dom-1.6.8.tgz 1992ms (cache miss)
533 timing reifyNode:node_modules/@floating-ui/dom Completed in 2111ms
534 http fetch GET 200 https://registry.npmjs.org/@tanstack/react-virtual/-/react-virtual-3.8.3.tgz 2001ms (cache miss)
535 timing reifyNode:node_modules/@tanstack/react-virtual Completed in 2117ms
536 http fetch GET 200 https://registry.npmjs.org/@floating-ui/react/-/react-0.26.20.tgz 2025ms (cache miss)
537 timing reifyNode:node_modules/@floating-ui/react Completed in 2145ms
538 http fetch GET 200 https://registry.npmjs.org/@tanstack/virtual-core/-/virtual-core-3.8.3.tgz 2042ms (cache miss)
539 timing reifyNode:node_modules/@tanstack/virtual-core Completed in 2157ms
540 http fetch GET 200 https://registry.npmjs.org/@floating-ui/utils/-/utils-0.2.5.tgz 2041ms (cache miss)
541 timing reifyNode:node_modules/@floating-ui/utils Completed in 2163ms
542 http fetch GET 200 https://registry.npmjs.org/axios/-/axios-1.7.2.tgz 2092ms (cache miss)
543 timing reifyNode:node_modules/axios Completed in 2219ms
544 http fetch GET 200 https://registry.npmjs.org/zustand/-/zustand-4.5.4.tgz 2148ms (cache miss)
545 timing reifyNode:node_modules/zustand Completed in 2272ms
546 http fetch GET 200 https://registry.npmjs.org/@react-aria/focus/-/focus-3.18.1.tgz 2194ms (cache miss)
547 timing reifyNode:node_modules/@react-aria/focus Completed in 2311ms
548 http fetch GET 200 https://registry.npmjs.org/@floating-ui/react-dom/-/react-dom-2.1.1.tgz 2235ms (cache miss)
549 timing reifyNode:node_modules/@floating-ui/react-dom Completed in 2354ms
550 http fetch GET 200 https://registry.npmjs.org/@babel/runtime/-/runtime-7.25.7.tgz 2354ms (cache miss)
551 timing reifyNode:node_modules/@babel/runtime Completed in 2473ms
552 http fetch GET 200 https://registry.npmjs.org/next 1333ms (cache updated)
553 timing metavuln:packument:next Completed in 1451ms
554 timing metavuln:load:security-advisory:next:1099638 Completed in 43ms
555 timing metavuln:load:security-advisory:next:1100421 Completed in 64ms
556 timing metavuln:load:security-advisory:next:1101380 Completed in 68ms
557 timing metavuln:cache:put:security-advisory:next:A9m47VBQvL++V9EsVwBseCbPrOK9xk7oLIzrStyVB02IketEwhGsklFuhL1oaYPUn8YGmhlTxpFhF93K/Wfw5Q== Completed in 145ms
558 timing metavuln:calculate:security-advisory:next:1099638 Completed in 1639ms
559 timing metavuln:cache:put:security-advisory:next:d2hMvT1neRk1OILN6KsQ2L4sjWpIe19WxzSQJivjdzJVb/hhXgpN5SXMC++Yae4yKIQkpUsP465F2rfLyKo4PA== Completed in 80ms
560 timing metavuln:calculate:security-advisory:next:1100421 Completed in 1639ms
561 timing metavuln:cache:put:security-advisory:next:D6WTw+Rp2YFkQ065HbCta60wmL8FISFZuXIwHsy06C4Ka33a+guaJDa6cQ3lv6msO26tV1meNesuiT38Bz8F2g== Completed in 13ms
562 timing metavuln:calculate:security-advisory:next:1101380 Completed in 1640ms
563 timing metavuln:cache:get:security-advisory:express:jvTd6gzTcOHtTpI+4CX7Ne4qICdj+n1Uun+dHPDk1JAyy9ltqA8JnsvVhBi+M0Y+kR5QoSv5YqjecJACWBUhEA== Completed in 0ms
564 timing metavuln:load:security-advisory:express:uoEU0GS6gk35ZdcQ5nagZYzZcDz5Th0PEvPIVa8rzwbO20pRdxYbAhpIm6Wc5MALXoWb1C4X8WqCtH02U0Wo1A== Completed in 8ms
565 http fetch GET 200 https://registry.npmjs.org/@react-aria/interactions/-/interactions-3.22.1.tgz 2698ms (cache miss)
566 timing reifyNode:node_modules/@react-aria/interactions Completed in 2815ms
567 timing metavuln:cache:put:security-advisory:express:jvTd6gzTcOHtTpI+4CX7Ne4qICdj+n1Uun+dHPDk1JAyy9ltqA8JnsvVhBi+M0Y+kR5QoSv5YqjecJACWBUhEA== Completed in 8ms
568 timing metavuln:calculate:security-advisory:express:uoEU0GS6gk35ZdcQ5nagZYzZcDz5Th0PEvPIVa8rzwbO20pRdxYbAhpIm6Wc5MALXoWb1C4X8WqCtH02U0Wo1A== Completed in 16ms
569 timing metavuln:cache:get:security-advisory:express:wpiLhoazHuPn1BZx3aoZElXRJGtv0L0hAoLu6mSYyQJJZRllThEbX+Zz/Sao2aEUznMvCOKVfYofpLqfRxfcfQ== Completed in 1ms
570 timing metavuln:load:security-advisory:express:fiAgy8LdsBPaQEbo7M3TC0K1AVc7Dl69m8P2pmr6RTs1eBYnkyvV6lHHCRB0mAKtL1TSQPXxJVEHOqp48Uvhag== Completed in 6ms
571 timing metavuln:cache:get:security-advisory:cookie-parser:sDlhNVhVzHLlr5NOn1oZNoOUuqBS15f8C34c2B5V4HALuMj8x8t0nGF9Ey9QqedEK3SyeRoDDHIIBKbICoF5zA== Completed in 8ms
572 timing metavuln:cache:put:security-advisory:express:wpiLhoazHuPn1BZx3aoZElXRJGtv0L0hAoLu6mSYyQJJZRllThEbX+Zz/Sao2aEUznMvCOKVfYofpLqfRxfcfQ== Completed in 12ms
573 timing metavuln:calculate:security-advisory:express:fiAgy8LdsBPaQEbo7M3TC0K1AVc7Dl69m8P2pmr6RTs1eBYnkyvV6lHHCRB0mAKtL1TSQPXxJVEHOqp48Uvhag== Completed in 19ms
574 http fetch GET 200 https://registry.npmjs.org/emoji-picker-react/-/emoji-picker-react-4.12.0.tgz 2766ms (cache miss)
575 timing reifyNode:node_modules/emoji-picker-react Completed in 2870ms
576 http fetch GET 200 https://registry.npmjs.org/cookie-parser 103ms (cache miss)
577 timing metavuln:packument:cookie-parser Completed in 104ms
578 timing metavuln:load:security-advisory:cookie-parser:fiAgy8LdsBPaQEbo7M3TC0K1AVc7Dl69m8P2pmr6RTs1eBYnkyvV6lHHCRB0mAKtL1TSQPXxJVEHOqp48Uvhag== Completed in 1ms
579 timing metavuln:cache:put:security-advisory:cookie-parser:sDlhNVhVzHLlr5NOn1oZNoOUuqBS15f8C34c2B5V4HALuMj8x8t0nGF9Ey9QqedEK3SyeRoDDHIIBKbICoF5zA== Completed in 7ms
580 timing metavuln:calculate:security-advisory:cookie-parser:fiAgy8LdsBPaQEbo7M3TC0K1AVc7Dl69m8P2pmr6RTs1eBYnkyvV6lHHCRB0mAKtL1TSQPXxJVEHOqp48Uvhag== Completed in 112ms
581 timing metavuln:cache:get:security-advisory:postcss:KRlvwonx2tnkfQEzD0AbrMLur2acf8cfQYiBufqS9KclzvETUfaot1QtSY2LVaU+o4xSSr0UqIoIwcXwg3grVg== Completed in 1ms
582 http fetch GET 200 https://registry.npmjs.org/react-hook-form/-/react-hook-form-7.52.1.tgz 2832ms (cache miss)
583 timing reifyNode:node_modules/react-hook-form Completed in 2957ms
584 http fetch GET 200 https://registry.npmjs.org/@react-aria/utils/-/utils-3.25.1.tgz 2844ms (cache miss)
585 timing reifyNode:node_modules/@react-aria/utils Completed in 2959ms
586 http fetch GET 200 https://registry.npmjs.org/postcss 319ms (cache updated)
587 timing metavuln:packument:postcss Completed in 322ms
588 timing metavuln:load:security-advisory:postcss:SQKCup8sGN0ajTqJBTsmG5DRPm6VNoYvtYEU3+oEs0yS1Zc7yA0hMKDHq2B0BcWlfg4+DAnmY2WgCYvhDtBgkA== Completed in 5ms
589 timing metavuln:cache:put:security-advisory:postcss:KRlvwonx2tnkfQEzD0AbrMLur2acf8cfQYiBufqS9KclzvETUfaot1QtSY2LVaU+o4xSSr0UqIoIwcXwg3grVg== Completed in 5ms
590 timing metavuln:calculate:security-advisory:postcss:SQKCup8sGN0ajTqJBTsmG5DRPm6VNoYvtYEU3+oEs0yS1Zc7yA0hMKDHq2B0BcWlfg4+DAnmY2WgCYvhDtBgkA== Completed in 332ms
591 timing metavuln:cache:get:security-advisory:express:ebtUTbPFP4GLpEWnCv5+nWyKme1GvNGh2ld1QU5lNTXxEKWFf6g6IO59JyRhLIuY6S5UVcC4dpdRfp+Zookh0g== Completed in 1ms
592 timing metavuln:load:security-advisory:express:2qdoAnGH3xB469g+aonHSVZDVP7zVBN7zKSrZom+Yx5jyXRqD98gvs0JcbJIcczqsPq3aVnw6g4EVzEWP24sQA== Completed in 6ms
593 timing metavuln:cache:put:security-advisory:express:ebtUTbPFP4GLpEWnCv5+nWyKme1GvNGh2ld1QU5lNTXxEKWFf6g6IO59JyRhLIuY6S5UVcC4dpdRfp+Zookh0g== Completed in 5ms
594 timing metavuln:calculate:security-advisory:express:2qdoAnGH3xB469g+aonHSVZDVP7zVBN7zKSrZom+Yx5jyXRqD98gvs0JcbJIcczqsPq3aVnw6g4EVzEWP24sQA== Completed in 12ms
595 timing metavuln:cache:get:security-advisory:express:Qe6VF1gD5PmAmaVNrJr0J8EQ8Qwml8HW8gKRPrVTt49nXoALpdty5p0HEWXknOQEYO9qrvzPNstxfrAZkwfmTA== Completed in 0ms
596 timing metavuln:load:security-advisory:express:OO84Jm+bi6L8ol/TxvTv+544ykBtTelmjwigseeY2D0sCzg0KsHTtaRRJob9h32hC3fi9i3JSBR51oHF0vvyRQ== Completed in 8ms
597 timing metavuln:cache:get:security-advisory:serve-static:rFrbBZRsSM/oAPkR1kIOYwnT14s34lSDNsxxJua0O3dwCHVL9UuENLbLNsnwWaFICcgsfpfgwdjwWHwu1nJzWQ== Completed in 8ms
598 timing metavuln:load:security-advisory:serve-static:OO84Jm+bi6L8ol/TxvTv+544ykBtTelmjwigseeY2D0sCzg0KsHTtaRRJob9h32hC3fi9i3JSBR51oHF0vvyRQ== Completed in 3ms
599 timing metavuln:cache:put:security-advisory:serve-static:rFrbBZRsSM/oAPkR1kIOYwnT14s34lSDNsxxJua0O3dwCHVL9UuENLbLNsnwWaFICcgsfpfgwdjwWHwu1nJzWQ== Completed in 5ms
600 timing metavuln:calculate:security-advisory:serve-static:OO84Jm+bi6L8ol/TxvTv+544ykBtTelmjwigseeY2D0sCzg0KsHTtaRRJob9h32hC3fi9i3JSBR51oHF0vvyRQ== Completed in 16ms
601 timing metavuln:cache:put:security-advisory:express:Qe6VF1gD5PmAmaVNrJr0J8EQ8Qwml8HW8gKRPrVTt49nXoALpdty5p0HEWXknOQEYO9qrvzPNstxfrAZkwfmTA== Completed in 8ms
602 timing metavuln:calculate:security-advisory:express:OO84Jm+bi6L8ol/TxvTv+544ykBtTelmjwigseeY2D0sCzg0KsHTtaRRJob9h32hC3fi9i3JSBR51oHF0vvyRQ== Completed in 16ms
603 timing metavuln:cache:get:security-advisory:express:kykTo4VuC2rM2MB0/ANQ51tOegcUPd67Lh4iIK7TUUpqt61eQaJ70XtItcffrJ8PoIYxwtnuqm5DJGT19JMA/A== Completed in 0ms
604 timing metavuln:load:security-advisory:express:VyBBWzRCPk4QPwU71mkZJ+QZdwW0bnbx/lUJDdvhij3t67jGrB4z2A5Ryyta1VjZgpmZ9kuyannc46B7jSSuiQ== Completed in 9ms
605 timing metavuln:cache:put:security-advisory:express:kykTo4VuC2rM2MB0/ANQ51tOegcUPd67Lh4iIK7TUUpqt61eQaJ70XtItcffrJ8PoIYxwtnuqm5DJGT19JMA/A== Completed in 5ms
606 timing metavuln:calculate:security-advisory:express:VyBBWzRCPk4QPwU71mkZJ+QZdwW0bnbx/lUJDdvhij3t67jGrB4z2A5Ryyta1VjZgpmZ9kuyannc46B7jSSuiQ== Completed in 15ms
607 timing auditReport:init Completed in 2154ms
608 timing reify:audit Completed in 3321ms
609 http fetch GET 200 https://registry.npmjs.org/@headlessui/react/-/react-2.1.2.tgz 3286ms (cache miss)
610 timing reifyNode:node_modules/@headlessui/react Completed in 3406ms
611 timing reifyNode:node_modules/@swc/helpers Completed in 3417ms
612 http fetch GET 200 https://registry.npmjs.org/@hookform/resolvers/-/resolvers-3.9.0.tgz 3333ms (cache miss)
613 timing reifyNode:node_modules/@hookform/resolvers Completed in 3454ms
614 timing reifyNode:node_modules/@next/swc-win32-x64-msvc Completed in 3671ms
615 timing reifyNode:node_modules/caniuse-lite Completed in 3847ms
616 timing reifyNode:node_modules/next Completed in 10853ms
617 timing reify:unpack Completed in 10858ms
618 timing reify:unretire Completed in 0ms
619 timing build:queue Completed in 3ms
620 timing build:link:node_modules/loose-envify Completed in 9ms
621 timing build:link:node_modules/next Completed in 9ms
622 timing build:link:node_modules/mime Completed in 9ms
623 timing build:link:node_modules/mkdirp Completed in 9ms
624 timing build:link:node_modules/nanoid Completed in 9ms
625 timing build:link:node_modules/semver Completed in 9ms
626 timing build:link Completed in 9ms
627 timing build:deps Completed in 12ms
628 timing build Completed in 12ms
629 timing reify:build Completed in 12ms
630 timing reify:trash Completed in 3ms
631 timing reify:save Completed in 36ms
632 timing reify Completed in 11068ms
633 silly ADD node_modules/xtend
634 silly ADD node_modules/warning
635 silly ADD node_modules/vary
636 silly ADD node_modules/utils-merge
637 silly ADD node_modules/util-deprecate
638 silly ADD node_modules/use-sync-external-store
639 silly ADD node_modules/unpipe
640 silly ADD node_modules/typedarray
641 silly ADD node_modules/type-is
642 silly ADD node_modules/tslib
643 silly ADD node_modules/toidentifier
644 silly ADD node_modules/tabbable
645 silly ADD node_modules/styled-jsx
646 silly ADD node_modules/string_decoder
647 silly ADD node_modules/string_decoder/node_modules/safe-buffer
648 silly ADD node_modules/streamsearch
649 silly ADD node_modules/statuses
650 silly ADD node_modules/source-map-js
651 silly ADD node_modules/side-channel
652 silly ADD node_modules/setprototypeof
653 silly ADD node_modules/set-function-length
654 silly ADD node_modules/serve-static
655 silly ADD node_modules/send
656 silly ADD node_modules/send/node_modules/ms
657 silly ADD node_modules/semver
658 silly ADD node_modules/scheduler
659 silly ADD node_modules/safer-buffer
660 silly ADD node_modules/safe-buffer
661 silly ADD node_modules/regenerator-runtime
662 silly ADD node_modules/readable-stream
663 silly ADD node_modules/readable-stream/node_modules/safe-buffer
664 silly ADD node_modules/react-lifecycles-compat
665 silly ADD node_modules/react-is
666 silly ADD node_modules/raw-body
667 silly ADD node_modules/range-parser
668 silly ADD node_modules/qs
669 silly ADD node_modules/proxy-from-env
670 silly ADD node_modules/proxy-addr
671 silly ADD node_modules/prop-types
672 silly ADD node_modules/process-nextick-args
673 silly ADD node_modules/postcss
674 silly ADD node_modules/picocolors
675 silly ADD node_modules/path-to-regexp
676 silly ADD node_modules/parseurl
677 silly ADD node_modules/on-finished
678 silly ADD node_modules/object-inspect
679 silly ADD node_modules/object-assign
680 silly ADD node_modules/negotiator
681 silly ADD node_modules/nanoid
682 silly ADD node_modules/ms
683 silly ADD node_modules/mkdirp
684 silly ADD node_modules/minimist
685 silly ADD node_modules/mime-types
686 silly ADD node_modules/mime-db
687 silly ADD node_modules/mime
688 silly ADD node_modules/methods
689 silly ADD node_modules/merge-descriptors
690 silly ADD node_modules/memoize-one
691 silly ADD node_modules/media-typer
692 silly ADD node_modules/loose-envify
693 silly ADD node_modules/lodash.once
694 silly ADD node_modules/lodash.isstring
695 silly ADD node_modules/lodash.isplainobject
696 silly ADD node_modules/lodash.isnumber
697 silly ADD node_modules/lodash.isinteger
698 silly ADD node_modules/lodash.isboolean
699 silly ADD node_modules/lodash.includes
700 silly ADD node_modules/jws
701 silly ADD node_modules/jwa
702 silly ADD node_modules/js-tokens
703 silly ADD node_modules/isarray
704 silly ADD node_modules/ipaddr.js
705 silly ADD node_modules/inherits
706 silly ADD node_modules/iconv-lite
707 silly ADD node_modules/http-errors
708 silly ADD node_modules/hasown
709 silly ADD node_modules/has-symbols
710 silly ADD node_modules/has-proto
711 silly ADD node_modules/has-property-descriptors
712 silly ADD node_modules/graceful-fs
713 silly ADD node_modules/gopd
714 silly ADD node_modules/get-intrinsic
715 silly ADD node_modules/function-bind
716 silly ADD node_modules/fresh
717 silly ADD node_modules/forwarded
718 silly ADD node_modules/form-data
719 silly ADD node_modules/follow-redirects
720 silly ADD node_modules/flairup
721 silly ADD node_modules/finalhandler
722 silly ADD node_modules/exenv
723 silly ADD node_modules/etag
724 silly ADD node_modules/escape-html
725 silly ADD node_modules/es-errors
726 silly ADD node_modules/es-define-property
727 silly ADD node_modules/encodeurl
728 silly ADD node_modules/emoji-picker-react
729 silly ADD node_modules/ee-first
730 silly ADD node_modules/ecdsa-sig-formatter
731 silly ADD node_modules/destroy
732 silly ADD node_modules/depd
733 silly ADD node_modules/delayed-stream
734 silly ADD node_modules/define-data-property
735 silly ADD node_modules/debug
736 silly ADD node_modules/csstype
737 silly ADD node_modules/core-util-is
738 silly ADD node_modules/cookie-signature
739 silly ADD node_modules/cookie
740 silly ADD node_modules/content-type
741 silly ADD node_modules/content-disposition
742 silly ADD node_modules/concat-stream
743 silly ADD node_modules/combined-stream
744 silly ADD node_modules/clsx
745 silly ADD node_modules/client-only
746 silly ADD node_modules/caniuse-lite
747 silly ADD node_modules/call-bind
748 silly ADD node_modules/bytes
749 silly ADD node_modules/busboy
750 silly ADD node_modules/buffer-from
751 silly ADD node_modules/buffer-equal-constant-time
752 silly ADD node_modules/body-parser
753 silly ADD node_modules/asynckit
754 silly ADD node_modules/array-flatten
755 silly ADD node_modules/append-field
756 silly ADD node_modules/accepts
757 silly ADD node_modules/@types/prop-types
758 silly ADD node_modules/@tanstack/virtual-core
759 silly ADD node_modules/@tanstack/react-virtual
760 silly ADD node_modules/@swc/helpers
761 silly ADD node_modules/@swc/counter
762 silly ADD node_modules/@react-types/shared
763 silly ADD node_modules/@react-stately/utils
764 silly ADD node_modules/@react-aria/utils
765 silly ADD node_modules/@react-aria/ssr
766 silly ADD node_modules/@react-aria/interactions
767 silly ADD node_modules/@react-aria/focus
768 silly ADD node_modules/@next/swc-win32-x64-msvc
769 silly ADD
770 silly ADD
771 silly ADD
772 silly ADD
773 silly ADD
774 silly ADD
775 silly ADD
776 silly ADD
777 silly ADD node_modules/@next/env
778 silly ADD node_modules/@floating-ui/utils
779 silly ADD node_modules/@floating-ui/react-dom
780 silly ADD node_modules/@floating-ui/react
781 silly ADD node_modules/@floating-ui/dom
782 silly ADD node_modules/@floating-ui/core
783 silly ADD node_modules/@babel/runtime
784 silly CHANGE node_modules/@headlessui/react
785 silly CHANGE node_modules/@types/react-modal
786 silly CHANGE node_modules/@types/react
787 silly CHANGE node_modules/@types/react-dom
788 silly CHANGE node_modules/@hookform/resolvers
789 silly CHANGE node_modules/@types/react-window
790 silly CHANGE node_modules/@types/js-cookie
791 silly CHANGE node_modules/react-window
792 silly CHANGE node_modules/react-modal
793 silly CHANGE node_modules/zod
794 silly CHANGE node_modules/zustand
795 silly CHANGE node_modules/react
796 silly CHANGE node_modules/jsonwebtoken
797 silly ADD node_modules/jsonwebtoken/node_modules/ms
798 silly CHANGE node_modules/react-hook-form
799 silly CHANGE node_modules/react-dom
800 silly CHANGE node_modules/next
801 silly CHANGE node_modules/express-fileupload
802 silly CHANGE node_modules/multer
803 silly CHANGE node_modules/js-cookie
804 silly CHANGE node_modules/dotenv
805 silly CHANGE node_modules/cors
806 silly CHANGE node_modules/express
807 silly CHANGE node_modules/axios
808 silly CHANGE node_modules/cookie-parser
809 silly ADD node_modules/cookie-parser/node_modules/cookie
810 timing command:install Completed in 11102ms
811 verbose exit 0
812 timing npm Completed in 11446ms
813 info ok
