
[[32minfo[39m]: {
         message: server running on url http://localhost:1234,
         timestamp: 2024-10-08 15:27:25
        }
[[32minfo[39m]: {
         message: [32mserver running on url http://localhost:1234[39m,
         timestamp: 2024-10-08 15:28:16
        }
[[32minfo[39m]: {
         message: [32mserver running on url http://localhost:1234[39m,
         timestamp: 2024-10-08 15:30:03
        }
[[32minfo[39m]: {
         message: [32mserver running on url http://localhost:1234[39m,
         timestamp: 2024-10-08 15:30:36
        }
[[32minfo[39m]: {
         message: [32mserver running on url http://localhost:1234[39m,
         timestamp: 2024-10-08 15:30:48
        }
[[32minfo[39m]: {
         message: [32mserver running on url http://localhost:1234[39m,
         timestamp: 2024-10-08 15:31:33
        }
[[32minfo[39m]: {
         message: [32mserver running on url http://localhost:1234[39m,
         timestamp: 2024-10-08 15:31:49
        }
[[32minfo[39m]: {
         message: [32mserver running on url http://localhost:1234[39m,
         timestamp: 2024-10-08 15:32:07
        }
[[32minfo[39m]: {
         message: [32mserver running on url http://localhost:1234[39m,
         timestamp: 2024-10-08 15:32:38
        }
[[32minfo[39m]: {
         message: [32mserver running on url http://localhost:1234[39m,
         timestamp: 2024-10-08 15:33:02
        }
[[32minfo[39m]: {
         message: [32mserver running on url http://localhost:1234[39m,
         timestamp: 2024-10-08 15:33:21
        }
[[32minfo[39m]: {
         message: [32mserver running on url http://localhost:1234[39m,
         timestamp: 2024-10-08 15:33:25
        }
[[32minfo[39m]: {
         message: [32mserver running on url http://localhost:1234[39m,
         timestamp: 2024-10-08 15:50:14
        }
[[32minfo[39m]: {
         message: [32mserver running on url http://localhost:1234[39m,
         timestamp: 2024-10-08 16:05:51
        }
[[32minfo[39m]: {
         message: [32mserver running on url http://localhost:1234[39m,
         timestamp: 2024-10-08 19:54:00
        }
[[32minfo[39m]: {
         message: [32mserver running on url http://localhost:1234[39m,
         timestamp: 2024-10-08 20:03:11
        }
[[32minfo[39m]: {
         message: [32mserver running on url http://localhost:1234[39m,
         timestamp: 2024-10-08 20:04:11
        }
[[32minfo[39m]: {
         message: [32mserver running on url http://localhost:1234[39m,
         timestamp: 2024-10-08 20:04:17
        }
[[32minfo[39m]: {
         message: [32mserver running on url http://localhost:1234[39m,
         timestamp: 2024-10-08 20:04:25
        }
[[32minfo[39m]: {
         message: [32mserver running on url http://localhost:1234[39m,
         timestamp: 2024-10-08 20:04:46
        }
[[32minfo[39m]: {
         message: [32mserver running on url http://localhost:1234[39m,
         timestamp: 2024-10-08 20:06:24
        }
[[32minfo[39m]: {
         message: [32mserver running on url http://localhost:1234[39m,
         timestamp: 2024-10-08 20:06:51
        }
[[32minfo[39m]: {
         message: [32mserver running on url http://localhost:1234[39m,
         timestamp: 2024-10-08 20:11:11
        }
[[32minfo[39m]: {
         message: [32mserver running on url http://localhost:1234[39m,
         timestamp: 2024-10-08 20:17:00
        }
[[32minfo[39m]: {
         message: [32mserver running on url http://localhost:1234[39m,
         timestamp: 2024-10-08 20:17:47
        }
[[32minfo[39m]: {
         message: [32mserver running on url http://localhost:1234[39m,
         timestamp: 2024-10-08 20:18:14
        }
[[32minfo[39m]: {
         message: [32mserver running on url http://localhost:1234[39m,
         timestamp: 2024-10-08 20:19:53
        }
[[32minfo[39m]: {
         message: [32mserver running on url http://localhost:1234[39m,
         timestamp: 2024-10-08 20:20:02
        }
[[32minfo[39m]: {
         message: [32mserver running on url http://localhost:1234[39m,
         timestamp: 2024-10-08 20:20:20
        }
[[32minfo[39m]: {
         message: [32mserver running on url http://localhost:1234[39m,
         timestamp: 2024-10-08 20:20:28
        }
[[32minfo[39m]: {
         message: [32mserver running on url http://localhost:1234[39m,
         timestamp: 2024-10-08 20:20:42
        }
[[32minfo[39m]: {
         message: [32mserver running on url http://localhost:1234[39m,
         timestamp: 2024-10-08 20:21:13
        }
[[32minfo[39m]: {
         message: [32mserver running on url http://localhost:1234[39m,
         timestamp: 2024-10-08 20:21:44
        }
[[32minfo[39m]: {
         message: [32mserver running on url http://localhost:1234[39m,
         timestamp: 2024-10-08 20:21:53
        }
[[32minfo[39m]: {
         message: [32mserver running on url http://localhost:1234[39m,
         timestamp: 2024-10-08 20:22:03
        }
[[32minfo[39m]: {
         message: [32mserver running on url http://localhost:1234[39m,
         timestamp: 2024-10-08 20:22:09
        }
[[32minfo[39m]: {
         message: [32mserver running on url http://localhost:1234[39m,
         timestamp: 2024-10-08 20:22:16
        }
[[32minfo[39m]: {
         message: [32mserver running on url http://localhost:1234[39m,
         timestamp: 2024-10-08 20:22:23
        }
[[32minfo[39m]: {
         message: [32mserver running on url http://localhost:1234[39m,
         timestamp: 2024-10-08 20:22:28
        }
[[32minfo[39m]: {
         message: [32mserver running on url http://localhost:1234[39m,
         timestamp: 2024-10-08 20:22:35
        }
[[32minfo[39m]: {
         message: [32mserver running on url http://localhost:1234[39m,
         timestamp: 2024-10-08 20:22:42
        }
[[32minfo[39m]: {
         message: [32mserver running on url http://localhost:1234[39m,
         timestamp: 2024-10-08 20:22:50
        }
[[32minfo[39m]: {
         message: [32mserver running on url http://localhost:1234[39m,
         timestamp: 2024-10-08 20:22:56
        }
[[32minfo[39m]: {
         message: [32mserver running on url http://localhost:1234[39m,
         timestamp: 2024-10-08 20:23:02
        }
[[32minfo[39m]: {
         message: [32mserver running on url http://localhost:1234[39m,
         timestamp: 2024-10-08 20:23:16
        }
[[32minfo[39m]: {
         message: [32mserver running on url http://localhost:1234[39m,
         timestamp: 2024-10-08 20:23:22
        }
[[32minfo[39m]: {
         message: [32mserver running on url http://localhost:1234[39m,
         timestamp: 2024-10-08 20:23:43
        }
[[32minfo[39m]: {
         message: [32mserver running on url http://localhost:1234[39m,
         timestamp: 2024-10-08 20:23:50
        }
[[32minfo[39m]: {
         message: [32mserver running on url http://localhost:1234[39m,
         timestamp: 2024-10-08 20:23:57
        }
[[32minfo[39m]: {
         message: [32mserver running on url http://localhost:1234[39m,
         timestamp: 2024-10-08 20:24:02
        }
[[32minfo[39m]: {
         message: [32mserver running on url http://localhost:1234[39m,
         timestamp: 2024-10-08 20:24:09
        }
[[32minfo[39m]: {
         message: [32mserver running on url http://localhost:1234[39m,
         timestamp: 2024-10-08 20:24:15
        }
[[32minfo[39m]: {
         message: [32mserver running on url http://localhost:1234[39m,
         timestamp: 2024-10-08 20:24:22
        }
[[32minfo[39m]: {
         message: [32mserver running on url http://localhost:1234[39m,
         timestamp: 2024-10-08 20:24:27
        }
[[32minfo[39m]: {
         message: [32mserver running on url http://localhost:1234[39m,
         timestamp: 2024-10-08 20:24:35
        }
[[32minfo[39m]: {
         message: [32mserver running on url http://localhost:1234[39m,
         timestamp: 2024-10-08 20:36:11
        }
[[32minfo[39m]: {
         message: [32mserver running on url http://localhost:1234[39m,
         timestamp: 2024-10-08 20:38:35
        }
[[32minfo[39m]: {
         message: [32mserver running on url http://localhost:1234[39m,
         timestamp: 2024-10-08 20:40:24
        }
[[32minfo[39m]: {
         message: [32mserver running on url http://localhost:1234[39m,
         timestamp: 2024-10-08 20:40:35
        }
[[32minfo[39m]: {
         message: [32mserver running on url http://localhost:1234[39m,
         timestamp: 2024-10-08 20:44:12
        }
[[32minfo[39m]: {
         message: [32mserver running on url http://localhost:1234[39m,
         timestamp: 2024-10-08 20:44:35
        }
[[32minfo[39m]: {
         message: [32mserver running on url http://localhost:1234[39m,
         timestamp: 2024-10-08 20:45:12
        }
[[32minfo[39m]: {
         message: [32mserver running on url http://localhost:1234[39m,
         timestamp: 2024-10-08 20:53:59
        }
[[32minfo[39m]: {
         message: [32mserver running on url http://localhost:1234[39m,
         timestamp: 2024-10-08 20:54:01
        }
[[32minfo[39m]: {
         message: [32mserver running on url http://localhost:1234[39m,
         timestamp: 2024-10-08 20:54:06
        }
[[32minfo[39m]: {
         message: [32mserver running on url http://localhost:1234[39m,
         timestamp: 2024-10-08 20:54:54
        }
[[32minfo[39m]: {
         message: [32mserver running on url http://localhost:1234[39m,
         timestamp: 2024-10-08 20:55:06
        }
[[32minfo[39m]: {
         message: [32mserver running on url http://localhost:1234[39m,
         timestamp: 2024-10-08 20:55:35
        }
[[32minfo[39m]: {
         message: [32mserver running on url http://localhost:1234[39m,
         timestamp: 2024-10-08 20:57:08
        }
[[32minfo[39m]: {
         message: [32mserver running on url http://localhost:1234[39m,
         timestamp: 2024-10-08 20:57:40
        }
[[32minfo[39m]: {
         message: [32mserver running on url http://localhost:1234[39m,
         timestamp: 2024-10-08 20:59:49
        }
[[32minfo[39m]: {
         message: [32mserver running on url http://localhost:1234[39m,
         timestamp: 2024-10-08 21:00:03
        }
[[32minfo[39m]: {
         message: [32mserver running on url http://localhost:1234[39m,
         timestamp: 2024-10-08 21:00:30
        }
[[32minfo[39m]: {
         message: [32mserver running on url http://localhost:1234[39m,
         timestamp: 2024-10-08 21:01:46
        }
[[32minfo[39m]: {
         message: [32mserver running on url http://localhost:1234[39m,
         timestamp: 2024-10-08 21:01:55
        }
[[32minfo[39m]: {
         message: [32mserver running on url http://localhost:1234[39m,
         timestamp: 2024-10-08 21:02:12
        }
[[32minfo[39m]: {
         message: [32mserver running on url http://localhost:1234[39m,
         timestamp: 2024-10-08 21:02:25
        }
[[32minfo[39m]: {
         message: [32mserver running on url http://localhost:1234[39m,
         timestamp: 2024-10-08 21:02:34
        }
[[32minfo[39m]: {
         message: [32mserver running on url http://localhost:1234[39m,
         timestamp: 2024-10-08 21:02:50
        }
[[32minfo[39m]: {
         message: [32mserver running on url http://localhost:1234[39m,
         timestamp: 2024-10-08 21:03:01
        }
[[32minfo[39m]: {
         message: [32mserver running on url http://localhost:1234[39m,
         timestamp: 2024-10-08 21:03:14
        }
[[32minfo[39m]: {
         message: [32mserver running on url http://localhost:1234[39m,
         timestamp: 2024-10-08 21:03:34
        }
[[32minfo[39m]: {
         message: [32mserver running on url http://localhost:1234[39m,
         timestamp: 2024-10-08 21:05:55
        }
[[32minfo[39m]: {
         message: [32mserver running on url http://localhost:1234[39m,
         timestamp: 2024-10-08 21:06:19
        }
[[32minfo[39m]: {
         message: [32mserver running on url http://localhost:1234[39m,
         timestamp: 2024-10-08 21:07:31
        }
[[32minfo[39m]: {
         message: [32mserver running on url http://localhost:1234[39m,
         timestamp: 2024-10-08 21:08:21
        }
[[32minfo[39m]: {
         message: [32mserver running on url http://localhost:1234[39m,
         timestamp: 2024-10-08 21:10:52
        }
[[32minfo[39m]: {
         message: [32mserver running on url http://localhost:1234[39m,
         timestamp: 2024-10-08 21:12:33
        }
[[32minfo[39m]: {
         message: [32mserver running on url http://localhost:1234[39m,
         timestamp: 2024-10-08 21:16:54
        }
[[32minfo[39m]: {
         message: [32mserver running on url http://localhost:1234[39m,
         timestamp: 2024-10-08 21:17:56
        }
[[32minfo[39m]: {
         message: [32mserver running on url http://localhost:1234[39m,
         timestamp: 2024-10-08 21:18:26
        }
[[32minfo[39m]: {
         message: [32mserver running on url http://localhost:1234[39m,
         timestamp: 2024-10-08 21:20:04
        }
[[32minfo[39m]: {
         message: [32mserver running on url http://localhost:1234[39m,
         timestamp: 2024-10-08 21:20:17
        }
[[32minfo[39m]: {
         message: [32mserver running on url http://localhost:1234[39m,
         timestamp: 2024-10-08 21:20:32
        }
[[32minfo[39m]: {
         message: [32mserver running on url http://localhost:1234[39m,
         timestamp: 2024-10-08 21:20:50
        }
[[32minfo[39m]: {
         message: [32mserver running on url http://localhost:1234[39m,
         timestamp: 2024-10-08 21:21:49
        }
[[32minfo[39m]: {
         message: [32mserver running on url http://localhost:1234[39m,
         timestamp: 2024-10-08 21:22:10
        }
[[32minfo[39m]: {
         message: [32mserver running on url http://localhost:1234[39m,
         timestamp: 2024-10-08 21:23:46
        }
[[32minfo[39m]: {
         message: [32mserver running on url http://localhost:1234[39m,
         timestamp: 2024-10-08 21:24:10
        }
[[32minfo[39m]: {
         message: [32mserver running on url http://localhost:1234[39m,
         timestamp: 2024-10-08 22:02:42
        }
[[32minfo[39m]: {
         message: [32mserver running on url http://localhost:1234[39m,
         timestamp: 2024-10-08 22:02:44
        }
[[32minfo[39m]: {
         message: [32mserver running on url http://localhost:1234[39m,
         timestamp: 2024-10-08 22:07:11
        }
[[32minfo[39m]: {
         message: [32mserver running on url http://localhost:1234[39m,
         timestamp: 2024-10-09 08:58:32
        }
[[32minfo[39m]: {
         message: [32mserver running on url http://localhost:1234[39m,
         timestamp: 2024-10-09 08:58:36
        }
[[32minfo[39m]: {
         message: [32mserver running on url http://localhost:1234[39m,
         timestamp: 2024-10-09 09:02:43
        }
[[32minfo[39m]: {
         message: [32mserver running on url http://localhost:1234[39m,
         timestamp: 2024-10-09 09:02:50
        }
[[32minfo[39m]: {
         message: [32mserver running on url http://localhost:1234[39m,
         timestamp: 2024-10-09 09:02:59
        }
