0 verbose cli C:\Program Files\nodejs\node.exe C:\Users\Agus\AppData\Roaming\npm\node_modules\npm\bin\npm-cli.js
1 info using npm@10.1.0
2 info using node@v20.9.0
3 timing npm:load:whichnode Completed in 1ms
4 timing config:load:defaults Completed in 1ms
5 timing config:load:file:C:\Users\Agus\AppData\Roaming\npm\node_modules\npm\npmrc Completed in 3ms
6 timing config:load:builtin Completed in 3ms
7 timing config:load:cli Completed in 1ms
8 timing config:load:env Completed in 1ms
9 timing config:load:file:c:\Users\Agus\Desktop\PinterestClon\server\.npmrc Completed in 0ms
10 timing config:load:project Completed in 2ms
11 timing config:load:file:C:\Users\Agus\.npmrc Completed in 0ms
12 timing config:load:user Completed in 0ms
13 timing config:load:file:C:\Users\Agus\AppData\Roaming\npm\etc\npmrc Completed in 1ms
14 timing config:load:global Completed in 1ms
15 timing config:load:setEnvs Completed in 0ms
16 timing config:load Completed in 9ms
17 timing npm:load:configload Completed in 9ms
18 timing config:load:flatten Completed in 1ms
19 timing npm:load:mkdirpcache Completed in 0ms
20 timing npm:load:mkdirplogs Completed in 1ms
21 verbose title npm view express-fileupload description dist-tags.latest homepage version time
22 verbose argv "view" "--json" "--" "express-fileupload" "description" "dist-tags.latest" "homepage" "version" "time"
23 timing npm:load:setTitle Completed in 0ms
24 timing npm:load:display Completed in 1ms
25 verbose logfile logs-max:10 dir:c:\Users\Agus\Desktop\PinterestClon\server\npm-cache\_logs\2024-08-19T14_28_11_840Z-
26 verbose logfile c:\Users\Agus\Desktop\PinterestClon\server\npm-cache\_logs\2024-08-19T14_28_11_840Z-debug-0.log
27 timing npm:load:logFile Completed in 6ms
28 timing npm:load:timers Completed in 1ms
29 timing npm:load:configScope Completed in 0ms
30 timing npm:load Completed in 41ms
31 silly logfile start cleaning logs, removing 2 files
32 silly logfile done cleaning log files
33 http fetch GET 200 https://registry.npmjs.org/npm 374ms (cache updated)
34 http fetch GET 200 https://registry.npmjs.org/express-fileupload 725ms (cache miss)
35 timing command:view Completed in 731ms
36 notice
36 notice New minor version of npm available! 10.1.0 -> 10.8.2
36 notice Changelog: <https://github.com/npm/cli/releases/tag/v10.8.2>
36 notice Run `npm install -g npm@10.8.2` to update!
36 notice
37 verbose exit 0
38 timing npm Completed in 930ms
39 info ok
